2024-12-10 14:42:04,100 __main__     INFO     Logger successfully initialised
2024-12-10 14:42:04,101 __main__     INFO     Provided parameters: {'--input-partition': None,
 '--log-file': '/home/piconti/impresso-passim/logs/passages_by_title_year_4.log',
 '--n-workers': None,
 '--output-partition': None,
 '--s3-bucket': None,
 '--verbose': False}
2024-12-10 14:42:06,167 __main__     INFO     Dask Client: <Client: 'tcp://127.0.0.1:38803' processes=8 threads=8, memory=238.42 GiB> and cluster: LocalCluster(5807eaa9, 'tcp://127.0.0.1:38803', workers=8, threads=8, memory=238.42 GiB)
2024-12-10 14:42:06,167 __main__     INFO     s3_input_path: s3://41-processed-data-staging/text-reuse/text-reuse_v1-0-0/passim_output_run_2/tr_passages/*.jsonl.bz2, s3_output_partition: s3://41-processed-data-staging/textreuse/textreuse_passim_v1-0-0/results/tr_passages
2024-12-10 14:42:06,168 __main__     INFO     Starting to load the data from S3.
2024-12-10 14:42:11,760 __main__     INFO     
------------ SNL-RERO ------------

2024-12-10 14:42:11,760 __main__     INFO     BDC - Skipping, as it's already done.
2024-12-10 14:42:11,760 __main__     INFO     CDV - Skipping, as it's already done.
2024-12-10 14:42:11,760 __main__     INFO     DLE - Skipping, as it's already done.
2024-12-10 14:42:11,760 __main__     INFO     EDA - Skipping, as it's already done.
2024-12-10 14:42:11,760 __main__     INFO     EXP - Skipping, as it's already done.
2024-12-10 14:42:11,760 __main__     INFO     
---- Filtering passages for IMP (6/20) ----
2024-12-10 14:59:54,779 __main__     INFO     IMP-1988, writing all passages to s3_path: ['s3://41-processed-data-staging/textreuse/textreuse_passim_v1-0-0/results/tr_passages/IMP/tr_passages-IMP-1988.jsonl.bz2']
2024-12-10 15:08:49,251 __main__     INFO     IMP-1972, writing all passages to s3_path: ['s3://41-processed-data-staging/textreuse/textreuse_passim_v1-0-0/results/tr_passages/IMP/tr_passages-IMP-1972.jsonl.bz2']
2024-12-10 15:17:22,705 __main__     INFO     IMP-1895, writing all passages to s3_path: ['s3://41-processed-data-staging/textreuse/textreuse_passim_v1-0-0/results/tr_passages/IMP/tr_passages-IMP-1895.jsonl.bz2']
2024-12-10 15:27:48,891 __main__     INFO     IMP-1920, writing all passages to s3_path: ['s3://41-processed-data-staging/textreuse/textreuse_passim_v1-0-0/results/tr_passages/IMP/tr_passages-IMP-1920.jsonl.bz2']
2024-12-10 15:38:35,998 __main__     INFO     IMP-1897, writing all passages to s3_path: ['s3://41-processed-data-staging/textreuse/textreuse_passim_v1-0-0/results/tr_passages/IMP/tr_passages-IMP-1897.jsonl.bz2']
2024-12-10 15:47:02,493 __main__     INFO     IMP-1931, writing all passages to s3_path: ['s3://41-processed-data-staging/textreuse/textreuse_passim_v1-0-0/results/tr_passages/IMP/tr_passages-IMP-1931.jsonl.bz2']
2024-12-10 15:56:23,923 __main__     INFO     IMP-1921, writing all passages to s3_path: ['s3://41-processed-data-staging/textreuse/textreuse_passim_v1-0-0/results/tr_passages/IMP/tr_passages-IMP-1921.jsonl.bz2']
2024-12-10 16:05:34,150 __main__     INFO     IMP-1954, writing all passages to s3_path: ['s3://41-processed-data-staging/textreuse/textreuse_passim_v1-0-0/results/tr_passages/IMP/tr_passages-IMP-1954.jsonl.bz2']
2024-12-10 16:14:50,302 __main__     INFO     IMP-1938, writing all passages to s3_path: ['s3://41-processed-data-staging/textreuse/textreuse_passim_v1-0-0/results/tr_passages/IMP/tr_passages-IMP-1938.jsonl.bz2']
2024-12-10 16:23:33,673 __main__     INFO     IMP-1949, writing all passages to s3_path: ['s3://41-processed-data-staging/textreuse/textreuse_passim_v1-0-0/results/tr_passages/IMP/tr_passages-IMP-1949.jsonl.bz2']
2024-12-10 16:31:42,435 __main__     INFO     IMP-1985, writing all passages to s3_path: ['s3://41-processed-data-staging/textreuse/textreuse_passim_v1-0-0/results/tr_passages/IMP/tr_passages-IMP-1985.jsonl.bz2']
2024-12-10 16:40:44,038 __main__     INFO     IMP-1953, writing all passages to s3_path: ['s3://41-processed-data-staging/textreuse/textreuse_passim_v1-0-0/results/tr_passages/IMP/tr_passages-IMP-1953.jsonl.bz2']
2024-12-10 16:49:33,511 __main__     INFO     IMP-1955, writing all passages to s3_path: ['s3://41-processed-data-staging/textreuse/textreuse_passim_v1-0-0/results/tr_passages/IMP/tr_passages-IMP-1955.jsonl.bz2']
2024-12-10 16:59:12,032 __main__     INFO     IMP-1941, writing all passages to s3_path: ['s3://41-processed-data-staging/textreuse/textreuse_passim_v1-0-0/results/tr_passages/IMP/tr_passages-IMP-1941.jsonl.bz2']
2024-12-10 17:08:57,437 __main__     INFO     IMP-1997, writing all passages to s3_path: ['s3://41-processed-data-staging/textreuse/textreuse_passim_v1-0-0/results/tr_passages/IMP/tr_passages-IMP-1997.jsonl.bz2']
2024-12-10 17:18:52,348 __main__     INFO     IMP-1904, writing all passages to s3_path: ['s3://41-processed-data-staging/textreuse/textreuse_passim_v1-0-0/results/tr_passages/IMP/tr_passages-IMP-1904.jsonl.bz2']
2024-12-10 17:27:18,264 __main__     INFO     IMP-1952, writing all passages to s3_path: ['s3://41-processed-data-staging/textreuse/textreuse_passim_v1-0-0/results/tr_passages/IMP/tr_passages-IMP-1952.jsonl.bz2']
2024-12-10 17:35:54,448 __main__     INFO     IMP-2014, writing all passages to s3_path: ['s3://41-processed-data-staging/textreuse/textreuse_passim_v1-0-0/results/tr_passages/IMP/tr_passages-IMP-2014.jsonl.bz2']
2024-12-10 17:44:57,377 __main__     INFO     IMP-1939, writing all passages to s3_path: ['s3://41-processed-data-staging/textreuse/textreuse_passim_v1-0-0/results/tr_passages/IMP/tr_passages-IMP-1939.jsonl.bz2']
2024-12-10 17:53:52,300 __main__     INFO     IMP-1936, writing all passages to s3_path: ['s3://41-processed-data-staging/textreuse/textreuse_passim_v1-0-0/results/tr_passages/IMP/tr_passages-IMP-1936.jsonl.bz2']
2024-12-10 18:02:40,404 __main__     INFO     IMP-1890, writing all passages to s3_path: ['s3://41-processed-data-staging/textreuse/textreuse_passim_v1-0-0/results/tr_passages/IMP/tr_passages-IMP-1890.jsonl.bz2']
2024-12-10 18:11:47,305 __main__     INFO     IMP-1950, writing all passages to s3_path: ['s3://41-processed-data-staging/textreuse/textreuse_passim_v1-0-0/results/tr_passages/IMP/tr_passages-IMP-1950.jsonl.bz2']
2024-12-10 18:20:04,995 __main__     INFO     IMP-1942, writing all passages to s3_path: ['s3://41-processed-data-staging/textreuse/textreuse_passim_v1-0-0/results/tr_passages/IMP/tr_passages-IMP-1942.jsonl.bz2']
2024-12-10 18:29:07,614 __main__     INFO     IMP-1969, writing all passages to s3_path: ['s3://41-processed-data-staging/textreuse/textreuse_passim_v1-0-0/results/tr_passages/IMP/tr_passages-IMP-1969.jsonl.bz2']
2024-12-10 18:38:21,934 __main__     INFO     IMP-2009, writing all passages to s3_path: ['s3://41-processed-data-staging/textreuse/textreuse_passim_v1-0-0/results/tr_passages/IMP/tr_passages-IMP-2009.jsonl.bz2']
2024-12-10 18:47:44,503 __main__     INFO     IMP-1999, writing all passages to s3_path: ['s3://41-processed-data-staging/textreuse/textreuse_passim_v1-0-0/results/tr_passages/IMP/tr_passages-IMP-1999.jsonl.bz2']
2024-12-10 18:57:51,758 __main__     INFO     IMP-1903, writing all passages to s3_path: ['s3://41-processed-data-staging/textreuse/textreuse_passim_v1-0-0/results/tr_passages/IMP/tr_passages-IMP-1903.jsonl.bz2']
2024-12-10 19:08:05,352 __main__     INFO     IMP-1943, writing all passages to s3_path: ['s3://41-processed-data-staging/textreuse/textreuse_passim_v1-0-0/results/tr_passages/IMP/tr_passages-IMP-1943.jsonl.bz2']
2024-12-10 19:17:42,976 __main__     INFO     IMP-2004, writing all passages to s3_path: ['s3://41-processed-data-staging/textreuse/textreuse_passim_v1-0-0/results/tr_passages/IMP/tr_passages-IMP-2004.jsonl.bz2']
2024-12-10 19:26:55,343 __main__     INFO     IMP-1965, writing all passages to s3_path: ['s3://41-processed-data-staging/textreuse/textreuse_passim_v1-0-0/results/tr_passages/IMP/tr_passages-IMP-1965.jsonl.bz2']
2024-12-10 19:36:09,244 __main__     INFO     IMP-1914, writing all passages to s3_path: ['s3://41-processed-data-staging/textreuse/textreuse_passim_v1-0-0/results/tr_passages/IMP/tr_passages-IMP-1914.jsonl.bz2']
2024-12-10 19:46:03,055 __main__     INFO     IMP-2001, writing all passages to s3_path: ['s3://41-processed-data-staging/textreuse/textreuse_passim_v1-0-0/results/tr_passages/IMP/tr_passages-IMP-2001.jsonl.bz2']
2024-12-10 19:55:49,280 __main__     INFO     IMP-1881, writing all passages to s3_path: ['s3://41-processed-data-staging/textreuse/textreuse_passim_v1-0-0/results/tr_passages/IMP/tr_passages-IMP-1881.jsonl.bz2']
2024-12-10 20:04:38,384 __main__     INFO     IMP-1907, writing all passages to s3_path: ['s3://41-processed-data-staging/textreuse/textreuse_passim_v1-0-0/results/tr_passages/IMP/tr_passages-IMP-1907.jsonl.bz2']
2024-12-10 20:14:18,721 __main__     INFO     IMP-1901, writing all passages to s3_path: ['s3://41-processed-data-staging/textreuse/textreuse_passim_v1-0-0/results/tr_passages/IMP/tr_passages-IMP-1901.jsonl.bz2']
2024-12-10 20:22:47,965 __main__     INFO     IMP-1889, writing all passages to s3_path: ['s3://41-processed-data-staging/textreuse/textreuse_passim_v1-0-0/results/tr_passages/IMP/tr_passages-IMP-1889.jsonl.bz2']
2024-12-10 20:32:08,442 __main__     INFO     IMP-1978, writing all passages to s3_path: ['s3://41-processed-data-staging/textreuse/textreuse_passim_v1-0-0/results/tr_passages/IMP/tr_passages-IMP-1978.jsonl.bz2']
2024-12-10 20:40:59,528 __main__     INFO     IMP-1973, writing all passages to s3_path: ['s3://41-processed-data-staging/textreuse/textreuse_passim_v1-0-0/results/tr_passages/IMP/tr_passages-IMP-1973.jsonl.bz2']
2024-12-10 20:50:05,181 __main__     INFO     IMP-1994, writing all passages to s3_path: ['s3://41-processed-data-staging/textreuse/textreuse_passim_v1-0-0/results/tr_passages/IMP/tr_passages-IMP-1994.jsonl.bz2']
2024-12-10 20:59:19,209 __main__     INFO     IMP-1884, writing all passages to s3_path: ['s3://41-processed-data-staging/textreuse/textreuse_passim_v1-0-0/results/tr_passages/IMP/tr_passages-IMP-1884.jsonl.bz2']
2024-12-10 21:08:14,630 __main__     INFO     IMP-1924, writing all passages to s3_path: ['s3://41-processed-data-staging/textreuse/textreuse_passim_v1-0-0/results/tr_passages/IMP/tr_passages-IMP-1924.jsonl.bz2']
2024-12-10 21:17:45,641 __main__     INFO     IMP-1915, writing all passages to s3_path: ['s3://41-processed-data-staging/textreuse/textreuse_passim_v1-0-0/results/tr_passages/IMP/tr_passages-IMP-1915.jsonl.bz2']
2024-12-10 21:26:52,241 __main__     INFO     IMP-1917, writing all passages to s3_path: ['s3://41-processed-data-staging/textreuse/textreuse_passim_v1-0-0/results/tr_passages/IMP/tr_passages-IMP-1917.jsonl.bz2']
2024-12-10 21:36:28,254 __main__     INFO     IMP-2007, writing all passages to s3_path: ['s3://41-processed-data-staging/textreuse/textreuse_passim_v1-0-0/results/tr_passages/IMP/tr_passages-IMP-2007.jsonl.bz2']
2024-12-10 21:45:19,262 __main__     INFO     IMP-1976, writing all passages to s3_path: ['s3://41-processed-data-staging/textreuse/textreuse_passim_v1-0-0/results/tr_passages/IMP/tr_passages-IMP-1976.jsonl.bz2']
2024-12-10 21:54:57,862 __main__     INFO     IMP-2010, writing all passages to s3_path: ['s3://41-processed-data-staging/textreuse/textreuse_passim_v1-0-0/results/tr_passages/IMP/tr_passages-IMP-2010.jsonl.bz2']
2024-12-10 22:05:28,299 __main__     INFO     IMP-1883, writing all passages to s3_path: ['s3://41-processed-data-staging/textreuse/textreuse_passim_v1-0-0/results/tr_passages/IMP/tr_passages-IMP-1883.jsonl.bz2']
2024-12-10 22:14:48,756 __main__     INFO     IMP-1893, writing all passages to s3_path: ['s3://41-processed-data-staging/textreuse/textreuse_passim_v1-0-0/results/tr_passages/IMP/tr_passages-IMP-1893.jsonl.bz2']
2024-12-10 22:23:36,848 __main__     INFO     IMP-1961, writing all passages to s3_path: ['s3://41-processed-data-staging/textreuse/textreuse_passim_v1-0-0/results/tr_passages/IMP/tr_passages-IMP-1961.jsonl.bz2']
2024-12-10 22:33:22,665 __main__     INFO     IMP-1891, writing all passages to s3_path: ['s3://41-processed-data-staging/textreuse/textreuse_passim_v1-0-0/results/tr_passages/IMP/tr_passages-IMP-1891.jsonl.bz2']
2024-12-10 22:42:10,383 __main__     INFO     IMP-1898, writing all passages to s3_path: ['s3://41-processed-data-staging/textreuse/textreuse_passim_v1-0-0/results/tr_passages/IMP/tr_passages-IMP-1898.jsonl.bz2']
2024-12-10 22:51:31,981 __main__     INFO     IMP-2008, writing all passages to s3_path: ['s3://41-processed-data-staging/textreuse/textreuse_passim_v1-0-0/results/tr_passages/IMP/tr_passages-IMP-2008.jsonl.bz2']
2024-12-10 23:01:36,631 __main__     INFO     IMP-1998, writing all passages to s3_path: ['s3://41-processed-data-staging/textreuse/textreuse_passim_v1-0-0/results/tr_passages/IMP/tr_passages-IMP-1998.jsonl.bz2']
2024-12-10 23:11:19,272 __main__     INFO     IMP-1960, writing all passages to s3_path: ['s3://41-processed-data-staging/textreuse/textreuse_passim_v1-0-0/results/tr_passages/IMP/tr_passages-IMP-1960.jsonl.bz2']
2024-12-10 23:20:36,777 __main__     INFO     IMP-1984, writing all passages to s3_path: ['s3://41-processed-data-staging/textreuse/textreuse_passim_v1-0-0/results/tr_passages/IMP/tr_passages-IMP-1984.jsonl.bz2']
2024-12-10 23:29:32,678 __main__     INFO     IMP-1971, writing all passages to s3_path: ['s3://41-processed-data-staging/textreuse/textreuse_passim_v1-0-0/results/tr_passages/IMP/tr_passages-IMP-1971.jsonl.bz2']
2024-12-10 23:38:27,026 __main__     INFO     IMP-1983, writing all passages to s3_path: ['s3://41-processed-data-staging/textreuse/textreuse_passim_v1-0-0/results/tr_passages/IMP/tr_passages-IMP-1983.jsonl.bz2']
2024-12-10 23:47:28,264 __main__     INFO     IMP-1918, writing all passages to s3_path: ['s3://41-processed-data-staging/textreuse/textreuse_passim_v1-0-0/results/tr_passages/IMP/tr_passages-IMP-1918.jsonl.bz2']
2024-12-10 23:56:43,734 __main__     INFO     IMP-1905, writing all passages to s3_path: ['s3://41-processed-data-staging/textreuse/textreuse_passim_v1-0-0/results/tr_passages/IMP/tr_passages-IMP-1905.jsonl.bz2']
2024-12-11 00:05:27,696 __main__     INFO     IMP-2002, writing all passages to s3_path: ['s3://41-processed-data-staging/textreuse/textreuse_passim_v1-0-0/results/tr_passages/IMP/tr_passages-IMP-2002.jsonl.bz2']
2024-12-11 00:15:22,754 __main__     INFO     IMP-1959, writing all passages to s3_path: ['s3://41-processed-data-staging/textreuse/textreuse_passim_v1-0-0/results/tr_passages/IMP/tr_passages-IMP-1959.jsonl.bz2']
2024-12-11 00:24:48,077 __main__     INFO     IMP-1911, writing all passages to s3_path: ['s3://41-processed-data-staging/textreuse/textreuse_passim_v1-0-0/results/tr_passages/IMP/tr_passages-IMP-1911.jsonl.bz2']
2024-12-11 00:34:14,370 __main__     INFO     IMP-1922, writing all passages to s3_path: ['s3://41-processed-data-staging/textreuse/textreuse_passim_v1-0-0/results/tr_passages/IMP/tr_passages-IMP-1922.jsonl.bz2']
2024-12-11 00:43:38,947 __main__     INFO     IMP-1923, writing all passages to s3_path: ['s3://41-processed-data-staging/textreuse/textreuse_passim_v1-0-0/results/tr_passages/IMP/tr_passages-IMP-1923.jsonl.bz2']
2024-12-11 00:52:14,964 __main__     INFO     IMP-1913, writing all passages to s3_path: ['s3://41-processed-data-staging/textreuse/textreuse_passim_v1-0-0/results/tr_passages/IMP/tr_passages-IMP-1913.jsonl.bz2']
2024-12-11 01:01:26,726 __main__     INFO     IMP-1934, writing all passages to s3_path: ['s3://41-processed-data-staging/textreuse/textreuse_passim_v1-0-0/results/tr_passages/IMP/tr_passages-IMP-1934.jsonl.bz2']
2024-12-11 01:10:00,539 __main__     INFO     IMP-1882, writing all passages to s3_path: ['s3://41-processed-data-staging/textreuse/textreuse_passim_v1-0-0/results/tr_passages/IMP/tr_passages-IMP-1882.jsonl.bz2']
2024-12-11 01:18:43,499 __main__     INFO     IMP-1989, writing all passages to s3_path: ['s3://41-processed-data-staging/textreuse/textreuse_passim_v1-0-0/results/tr_passages/IMP/tr_passages-IMP-1989.jsonl.bz2']
2024-12-11 01:27:33,318 __main__     INFO     IMP-1945, writing all passages to s3_path: ['s3://41-processed-data-staging/textreuse/textreuse_passim_v1-0-0/results/tr_passages/IMP/tr_passages-IMP-1945.jsonl.bz2']
2024-12-11 01:37:11,010 __main__     INFO     IMP-1910, writing all passages to s3_path: ['s3://41-processed-data-staging/textreuse/textreuse_passim_v1-0-0/results/tr_passages/IMP/tr_passages-IMP-1910.jsonl.bz2']
2024-12-11 01:46:03,701 __main__     INFO     IMP-2003, writing all passages to s3_path: ['s3://41-processed-data-staging/textreuse/textreuse_passim_v1-0-0/results/tr_passages/IMP/tr_passages-IMP-2003.jsonl.bz2']
2024-12-11 01:55:18,083 __main__     INFO     IMP-1957, writing all passages to s3_path: ['s3://41-processed-data-staging/textreuse/textreuse_passim_v1-0-0/results/tr_passages/IMP/tr_passages-IMP-1957.jsonl.bz2']
2024-12-11 02:04:31,998 __main__     INFO     IMP-1958, writing all passages to s3_path: ['s3://41-processed-data-staging/textreuse/textreuse_passim_v1-0-0/results/tr_passages/IMP/tr_passages-IMP-1958.jsonl.bz2']
2024-12-11 02:13:26,856 __main__     INFO     IMP-2013, writing all passages to s3_path: ['s3://41-processed-data-staging/textreuse/textreuse_passim_v1-0-0/results/tr_passages/IMP/tr_passages-IMP-2013.jsonl.bz2']
2024-12-11 02:22:15,408 __main__     INFO     IMP-1970, writing all passages to s3_path: ['s3://41-processed-data-staging/textreuse/textreuse_passim_v1-0-0/results/tr_passages/IMP/tr_passages-IMP-1970.jsonl.bz2']
2024-12-11 02:31:08,439 __main__     INFO     IMP-1888, writing all passages to s3_path: ['s3://41-processed-data-staging/textreuse/textreuse_passim_v1-0-0/results/tr_passages/IMP/tr_passages-IMP-1888.jsonl.bz2']
2024-12-11 02:40:15,975 __main__     INFO     IMP-1991, writing all passages to s3_path: ['s3://41-processed-data-staging/textreuse/textreuse_passim_v1-0-0/results/tr_passages/IMP/tr_passages-IMP-1991.jsonl.bz2']
2024-12-11 02:49:48,309 __main__     INFO     IMP-2011, writing all passages to s3_path: ['s3://41-processed-data-staging/textreuse/textreuse_passim_v1-0-0/results/tr_passages/IMP/tr_passages-IMP-2011.jsonl.bz2']
2024-12-11 02:58:32,781 __main__     INFO     IMP-1993, writing all passages to s3_path: ['s3://41-processed-data-staging/textreuse/textreuse_passim_v1-0-0/results/tr_passages/IMP/tr_passages-IMP-1993.jsonl.bz2']
2024-12-11 03:07:06,356 __main__     INFO     IMP-1899, writing all passages to s3_path: ['s3://41-processed-data-staging/textreuse/textreuse_passim_v1-0-0/results/tr_passages/IMP/tr_passages-IMP-1899.jsonl.bz2']
2024-12-11 03:16:08,302 __main__     INFO     IMP-1975, writing all passages to s3_path: ['s3://41-processed-data-staging/textreuse/textreuse_passim_v1-0-0/results/tr_passages/IMP/tr_passages-IMP-1975.jsonl.bz2']
2024-12-11 03:25:07,870 __main__     INFO     IMP-1927, writing all passages to s3_path: ['s3://41-processed-data-staging/textreuse/textreuse_passim_v1-0-0/results/tr_passages/IMP/tr_passages-IMP-1927.jsonl.bz2']
2024-12-11 03:34:47,003 __main__     INFO     IMP-1912, writing all passages to s3_path: ['s3://41-processed-data-staging/textreuse/textreuse_passim_v1-0-0/results/tr_passages/IMP/tr_passages-IMP-1912.jsonl.bz2']
2024-12-11 03:43:49,514 __main__     INFO     IMP-1966, writing all passages to s3_path: ['s3://41-processed-data-staging/textreuse/textreuse_passim_v1-0-0/results/tr_passages/IMP/tr_passages-IMP-1966.jsonl.bz2']
2024-12-11 03:53:47,424 __main__     INFO     IMP-2012, writing all passages to s3_path: ['s3://41-processed-data-staging/textreuse/textreuse_passim_v1-0-0/results/tr_passages/IMP/tr_passages-IMP-2012.jsonl.bz2']
2024-12-11 04:03:53,021 __main__     INFO     IMP-1900, writing all passages to s3_path: ['s3://41-processed-data-staging/textreuse/textreuse_passim_v1-0-0/results/tr_passages/IMP/tr_passages-IMP-1900.jsonl.bz2']
2024-12-11 04:14:29,270 __main__     INFO     IMP-1919, writing all passages to s3_path: ['s3://41-processed-data-staging/textreuse/textreuse_passim_v1-0-0/results/tr_passages/IMP/tr_passages-IMP-1919.jsonl.bz2']
2024-12-11 04:22:58,420 __main__     INFO     IMP-1962, writing all passages to s3_path: ['s3://41-processed-data-staging/textreuse/textreuse_passim_v1-0-0/results/tr_passages/IMP/tr_passages-IMP-1962.jsonl.bz2']
2024-12-11 04:32:09,825 __main__     INFO     IMP-1935, writing all passages to s3_path: ['s3://41-processed-data-staging/textreuse/textreuse_passim_v1-0-0/results/tr_passages/IMP/tr_passages-IMP-1935.jsonl.bz2']
2024-12-11 04:42:05,461 __main__     INFO     IMP-1968, writing all passages to s3_path: ['s3://41-processed-data-staging/textreuse/textreuse_passim_v1-0-0/results/tr_passages/IMP/tr_passages-IMP-1968.jsonl.bz2']
2024-12-11 04:51:17,866 __main__     INFO     IMP-1887, writing all passages to s3_path: ['s3://41-processed-data-staging/textreuse/textreuse_passim_v1-0-0/results/tr_passages/IMP/tr_passages-IMP-1887.jsonl.bz2']
2024-12-11 04:59:55,478 __main__     INFO     IMP-1995, writing all passages to s3_path: ['s3://41-processed-data-staging/textreuse/textreuse_passim_v1-0-0/results/tr_passages/IMP/tr_passages-IMP-1995.jsonl.bz2']
2024-12-11 05:08:26,199 __main__     INFO     IMP-1885, writing all passages to s3_path: ['s3://41-processed-data-staging/textreuse/textreuse_passim_v1-0-0/results/tr_passages/IMP/tr_passages-IMP-1885.jsonl.bz2']
2024-12-11 05:17:06,340 __main__     INFO     IMP-1948, writing all passages to s3_path: ['s3://41-processed-data-staging/textreuse/textreuse_passim_v1-0-0/results/tr_passages/IMP/tr_passages-IMP-1948.jsonl.bz2']
2024-12-11 05:25:40,455 __main__     INFO     IMP-1946, writing all passages to s3_path: ['s3://41-processed-data-staging/textreuse/textreuse_passim_v1-0-0/results/tr_passages/IMP/tr_passages-IMP-1946.jsonl.bz2']
2024-12-11 05:35:00,349 __main__     INFO     IMP-1937, writing all passages to s3_path: ['s3://41-processed-data-staging/textreuse/textreuse_passim_v1-0-0/results/tr_passages/IMP/tr_passages-IMP-1937.jsonl.bz2']
2024-12-11 05:43:42,331 __main__     INFO     IMP-1908, writing all passages to s3_path: ['s3://41-processed-data-staging/textreuse/textreuse_passim_v1-0-0/results/tr_passages/IMP/tr_passages-IMP-1908.jsonl.bz2']
2024-12-11 05:52:24,860 __main__     INFO     IMP-1967, writing all passages to s3_path: ['s3://41-processed-data-staging/textreuse/textreuse_passim_v1-0-0/results/tr_passages/IMP/tr_passages-IMP-1967.jsonl.bz2']
2024-12-11 06:01:07,744 __main__     INFO     IMP-1947, writing all passages to s3_path: ['s3://41-processed-data-staging/textreuse/textreuse_passim_v1-0-0/results/tr_passages/IMP/tr_passages-IMP-1947.jsonl.bz2']
2024-12-11 06:10:15,582 __main__     INFO     IMP-1996, writing all passages to s3_path: ['s3://41-processed-data-staging/textreuse/textreuse_passim_v1-0-0/results/tr_passages/IMP/tr_passages-IMP-1996.jsonl.bz2']
2024-12-11 06:19:35,483 __main__     INFO     IMP-1944, writing all passages to s3_path: ['s3://41-processed-data-staging/textreuse/textreuse_passim_v1-0-0/results/tr_passages/IMP/tr_passages-IMP-1944.jsonl.bz2']
2024-12-11 06:28:25,172 __main__     INFO     IMP-1986, writing all passages to s3_path: ['s3://41-processed-data-staging/textreuse/textreuse_passim_v1-0-0/results/tr_passages/IMP/tr_passages-IMP-1986.jsonl.bz2']
2024-12-11 06:37:42,604 __main__     INFO     IMP-1892, writing all passages to s3_path: ['s3://41-processed-data-staging/textreuse/textreuse_passim_v1-0-0/results/tr_passages/IMP/tr_passages-IMP-1892.jsonl.bz2']
2024-12-11 06:46:24,221 __main__     INFO     IMP-2017, writing all passages to s3_path: ['s3://41-processed-data-staging/textreuse/textreuse_passim_v1-0-0/results/tr_passages/IMP/tr_passages-IMP-2017.jsonl.bz2']
2024-12-11 06:54:42,150 __main__     INFO     IMP-1916, writing all passages to s3_path: ['s3://41-processed-data-staging/textreuse/textreuse_passim_v1-0-0/results/tr_passages/IMP/tr_passages-IMP-1916.jsonl.bz2']
2024-12-11 07:03:53,319 __main__     INFO     IMP-2005, writing all passages to s3_path: ['s3://41-processed-data-staging/textreuse/textreuse_passim_v1-0-0/results/tr_passages/IMP/tr_passages-IMP-2005.jsonl.bz2']
2024-12-11 07:12:54,361 __main__     INFO     IMP-1928, writing all passages to s3_path: ['s3://41-processed-data-staging/textreuse/textreuse_passim_v1-0-0/results/tr_passages/IMP/tr_passages-IMP-1928.jsonl.bz2']
2024-12-11 07:21:03,559 __main__     INFO     IMP-1896, writing all passages to s3_path: ['s3://41-processed-data-staging/textreuse/textreuse_passim_v1-0-0/results/tr_passages/IMP/tr_passages-IMP-1896.jsonl.bz2']
2024-12-11 07:30:56,253 __main__     INFO     IMP-2015, writing all passages to s3_path: ['s3://41-processed-data-staging/textreuse/textreuse_passim_v1-0-0/results/tr_passages/IMP/tr_passages-IMP-2015.jsonl.bz2']
2024-12-11 07:40:31,402 __main__     INFO     IMP-1974, writing all passages to s3_path: ['s3://41-processed-data-staging/textreuse/textreuse_passim_v1-0-0/results/tr_passages/IMP/tr_passages-IMP-1974.jsonl.bz2']
2024-12-11 07:49:24,676 __main__     INFO     IMP-1980, writing all passages to s3_path: ['s3://41-processed-data-staging/textreuse/textreuse_passim_v1-0-0/results/tr_passages/IMP/tr_passages-IMP-1980.jsonl.bz2']
2024-12-11 07:57:52,684 __main__     INFO     IMP-1886, writing all passages to s3_path: ['s3://41-processed-data-staging/textreuse/textreuse_passim_v1-0-0/results/tr_passages/IMP/tr_passages-IMP-1886.jsonl.bz2']
2024-12-11 08:07:33,087 __main__     INFO     IMP-1929, writing all passages to s3_path: ['s3://41-processed-data-staging/textreuse/textreuse_passim_v1-0-0/results/tr_passages/IMP/tr_passages-IMP-1929.jsonl.bz2']
2024-12-11 08:15:58,786 __main__     INFO     IMP-1926, writing all passages to s3_path: ['s3://41-processed-data-staging/textreuse/textreuse_passim_v1-0-0/results/tr_passages/IMP/tr_passages-IMP-1926.jsonl.bz2']
2024-12-11 08:25:14,278 __main__     INFO     IMP-1894, writing all passages to s3_path: ['s3://41-processed-data-staging/textreuse/textreuse_passim_v1-0-0/results/tr_passages/IMP/tr_passages-IMP-1894.jsonl.bz2']
2024-12-11 08:34:00,034 __main__     INFO     IMP-2016, writing all passages to s3_path: ['s3://41-processed-data-staging/textreuse/textreuse_passim_v1-0-0/results/tr_passages/IMP/tr_passages-IMP-2016.jsonl.bz2']
2024-12-11 08:42:48,168 __main__     INFO     IMP-2018, writing all passages to s3_path: ['s3://41-processed-data-staging/textreuse/textreuse_passim_v1-0-0/results/tr_passages/IMP/tr_passages-IMP-2018.jsonl.bz2']
2024-12-11 08:51:16,556 __main__     INFO     IMP-1992, writing all passages to s3_path: ['s3://41-processed-data-staging/textreuse/textreuse_passim_v1-0-0/results/tr_passages/IMP/tr_passages-IMP-1992.jsonl.bz2']
2024-12-11 09:00:38,029 __main__     INFO     IMP-2006, writing all passages to s3_path: ['s3://41-processed-data-staging/textreuse/textreuse_passim_v1-0-0/results/tr_passages/IMP/tr_passages-IMP-2006.jsonl.bz2']
2024-12-11 09:09:42,410 __main__     INFO     IMP-1987, writing all passages to s3_path: ['s3://41-processed-data-staging/textreuse/textreuse_passim_v1-0-0/results/tr_passages/IMP/tr_passages-IMP-1987.jsonl.bz2']
2024-12-11 09:18:30,039 __main__     INFO     IMP-1930, writing all passages to s3_path: ['s3://41-processed-data-staging/textreuse/textreuse_passim_v1-0-0/results/tr_passages/IMP/tr_passages-IMP-1930.jsonl.bz2']
2024-12-11 09:28:02,858 __main__     INFO     IMP-1956, writing all passages to s3_path: ['s3://41-processed-data-staging/textreuse/textreuse_passim_v1-0-0/results/tr_passages/IMP/tr_passages-IMP-1956.jsonl.bz2']
2024-12-11 09:38:03,738 __main__     INFO     IMP-1902, writing all passages to s3_path: ['s3://41-processed-data-staging/textreuse/textreuse_passim_v1-0-0/results/tr_passages/IMP/tr_passages-IMP-1902.jsonl.bz2']
2024-12-11 09:47:38,305 __main__     INFO     IMP-1981, writing all passages to s3_path: ['s3://41-processed-data-staging/textreuse/textreuse_passim_v1-0-0/results/tr_passages/IMP/tr_passages-IMP-1981.jsonl.bz2']
2024-12-11 09:58:04,249 __main__     INFO     IMP-1932, writing all passages to s3_path: ['s3://41-processed-data-staging/textreuse/textreuse_passim_v1-0-0/results/tr_passages/IMP/tr_passages-IMP-1932.jsonl.bz2']
2024-12-11 10:07:11,866 __main__     INFO     IMP-1990, writing all passages to s3_path: ['s3://41-processed-data-staging/textreuse/textreuse_passim_v1-0-0/results/tr_passages/IMP/tr_passages-IMP-1990.jsonl.bz2']
2024-12-11 10:16:22,581 __main__     INFO     IMP-1909, writing all passages to s3_path: ['s3://41-processed-data-staging/textreuse/textreuse_passim_v1-0-0/results/tr_passages/IMP/tr_passages-IMP-1909.jsonl.bz2']
2024-12-11 10:25:18,044 __main__     INFO     IMP-1951, writing all passages to s3_path: ['s3://41-processed-data-staging/textreuse/textreuse_passim_v1-0-0/results/tr_passages/IMP/tr_passages-IMP-1951.jsonl.bz2']
2024-12-11 10:34:32,350 __main__     INFO     IMP-2000, writing all passages to s3_path: ['s3://41-processed-data-staging/textreuse/textreuse_passim_v1-0-0/results/tr_passages/IMP/tr_passages-IMP-2000.jsonl.bz2']
2024-12-11 10:43:31,820 __main__     INFO     IMP-1977, writing all passages to s3_path: ['s3://41-processed-data-staging/textreuse/textreuse_passim_v1-0-0/results/tr_passages/IMP/tr_passages-IMP-1977.jsonl.bz2']
2024-12-11 10:53:12,601 __main__     INFO     IMP-1940, writing all passages to s3_path: ['s3://41-processed-data-staging/textreuse/textreuse_passim_v1-0-0/results/tr_passages/IMP/tr_passages-IMP-1940.jsonl.bz2']
2024-12-11 11:02:52,607 __main__     INFO     IMP-1982, writing all passages to s3_path: ['s3://41-processed-data-staging/textreuse/textreuse_passim_v1-0-0/results/tr_passages/IMP/tr_passages-IMP-1982.jsonl.bz2']
2024-12-11 11:12:52,702 __main__     INFO     IMP-1933, writing all passages to s3_path: ['s3://41-processed-data-staging/textreuse/textreuse_passim_v1-0-0/results/tr_passages/IMP/tr_passages-IMP-1933.jsonl.bz2']
2024-12-11 11:23:04,145 __main__     INFO     IMP-1906, writing all passages to s3_path: ['s3://41-processed-data-staging/textreuse/textreuse_passim_v1-0-0/results/tr_passages/IMP/tr_passages-IMP-1906.jsonl.bz2']
2024-12-11 11:32:14,382 __main__     INFO     IMP-1963, writing all passages to s3_path: ['s3://41-processed-data-staging/textreuse/textreuse_passim_v1-0-0/results/tr_passages/IMP/tr_passages-IMP-1963.jsonl.bz2']
2024-12-11 11:41:55,829 __main__     INFO     IMP-1979, writing all passages to s3_path: ['s3://41-processed-data-staging/textreuse/textreuse_passim_v1-0-0/results/tr_passages/IMP/tr_passages-IMP-1979.jsonl.bz2']
2024-12-11 11:51:40,085 __main__     INFO     IMP-1925, writing all passages to s3_path: ['s3://41-processed-data-staging/textreuse/textreuse_passim_v1-0-0/results/tr_passages/IMP/tr_passages-IMP-1925.jsonl.bz2']
2024-12-11 12:01:18,874 __main__     INFO     IMP - Finished writing all passages to files, going to next title.
2024-12-11 12:01:18,875 __main__     INFO     
---- Filtering passages for JDF (7/20) ----
2024-12-11 12:05:49,435 __main__     INFO     JDF-1832, writing all passages to s3_path: ['s3://41-processed-data-staging/textreuse/textreuse_passim_v1-0-0/results/tr_passages/JDF/tr_passages-JDF-1832.jsonl.bz2']
2024-12-11 12:09:55,159 __main__     INFO     JDF-1833, writing all passages to s3_path: ['s3://41-processed-data-staging/textreuse/textreuse_passim_v1-0-0/results/tr_passages/JDF/tr_passages-JDF-1833.jsonl.bz2']
2024-12-11 12:13:58,879 __main__     INFO     JDF-1830, writing all passages to s3_path: ['s3://41-processed-data-staging/textreuse/textreuse_passim_v1-0-0/results/tr_passages/JDF/tr_passages-JDF-1830.jsonl.bz2']
2024-12-11 12:18:20,773 __main__     INFO     JDF-1831, writing all passages to s3_path: ['s3://41-processed-data-staging/textreuse/textreuse_passim_v1-0-0/results/tr_passages/JDF/tr_passages-JDF-1831.jsonl.bz2']
2024-12-11 12:22:37,544 __main__     INFO     JDF - Finished writing all passages to files, going to next title.
2024-12-11 12:22:37,545 __main__     INFO     
---- Filtering passages for JDV (8/20) ----
2024-12-11 12:26:49,041 __main__     INFO     JDV-1848, writing all passages to s3_path: ['s3://41-processed-data-staging/textreuse/textreuse_passim_v1-0-0/results/tr_passages/JDV/tr_passages-JDV-1848.jsonl.bz2']
2024-12-11 12:30:49,099 __main__     INFO     JDV - Finished writing all passages to files, going to next title.
2024-12-11 12:30:49,101 __main__     INFO     
---- Filtering passages for LBP (9/20) ----
2024-12-11 12:35:24,511 __main__     INFO     LBP-1879, writing all passages to s3_path: ['s3://41-processed-data-staging/textreuse/textreuse_passim_v1-0-0/results/tr_passages/LBP/tr_passages-LBP-1879.jsonl.bz2']
2024-12-11 12:39:37,681 __main__     INFO     LBP-1881, writing all passages to s3_path: ['s3://41-processed-data-staging/textreuse/textreuse_passim_v1-0-0/results/tr_passages/LBP/tr_passages-LBP-1881.jsonl.bz2']
2024-12-11 12:44:15,177 __main__     INFO     LBP-1884, writing all passages to s3_path: ['s3://41-processed-data-staging/textreuse/textreuse_passim_v1-0-0/results/tr_passages/LBP/tr_passages-LBP-1884.jsonl.bz2']
2024-12-11 12:48:41,035 __main__     INFO     LBP-1883, writing all passages to s3_path: ['s3://41-processed-data-staging/textreuse/textreuse_passim_v1-0-0/results/tr_passages/LBP/tr_passages-LBP-1883.jsonl.bz2']
2024-12-11 12:53:25,990 __main__     INFO     LBP-1882, writing all passages to s3_path: ['s3://41-processed-data-staging/textreuse/textreuse_passim_v1-0-0/results/tr_passages/LBP/tr_passages-LBP-1882.jsonl.bz2']
2024-12-11 12:57:44,649 __main__     INFO     LBP-1888, writing all passages to s3_path: ['s3://41-processed-data-staging/textreuse/textreuse_passim_v1-0-0/results/tr_passages/LBP/tr_passages-LBP-1888.jsonl.bz2']
2024-12-11 13:01:51,754 __main__     INFO     LBP-1880, writing all passages to s3_path: ['s3://41-processed-data-staging/textreuse/textreuse_passim_v1-0-0/results/tr_passages/LBP/tr_passages-LBP-1880.jsonl.bz2']
2024-12-11 13:06:25,652 __main__     INFO     LBP-1887, writing all passages to s3_path: ['s3://41-processed-data-staging/textreuse/textreuse_passim_v1-0-0/results/tr_passages/LBP/tr_passages-LBP-1887.jsonl.bz2']
2024-12-11 13:10:33,689 __main__     INFO     LBP-1885, writing all passages to s3_path: ['s3://41-processed-data-staging/textreuse/textreuse_passim_v1-0-0/results/tr_passages/LBP/tr_passages-LBP-1885.jsonl.bz2']
2024-12-11 13:14:54,480 __main__     INFO     LBP-1886, writing all passages to s3_path: ['s3://41-processed-data-staging/textreuse/textreuse_passim_v1-0-0/results/tr_passages/LBP/tr_passages-LBP-1886.jsonl.bz2']
2024-12-11 13:19:19,827 __main__     INFO     LBP - Finished writing all passages to files, going to next title.
2024-12-11 13:19:19,828 __main__     INFO     
---- Filtering passages for LCE (10/20) ----
2024-12-11 13:25:18,956 __main__     INFO     LCE-1988, writing all passages to s3_path: ['s3://41-processed-data-staging/textreuse/textreuse_passim_v1-0-0/results/tr_passages/LCE/tr_passages-LCE-1988.jsonl.bz2']
2024-12-11 13:30:43,730 __main__     INFO     LCE-1972, writing all passages to s3_path: ['s3://41-processed-data-staging/textreuse/textreuse_passim_v1-0-0/results/tr_passages/LCE/tr_passages-LCE-1972.jsonl.bz2']
2024-12-11 13:35:17,532 __main__     INFO     LCE-1895, writing all passages to s3_path: ['s3://41-processed-data-staging/textreuse/textreuse_passim_v1-0-0/results/tr_passages/LCE/tr_passages-LCE-1895.jsonl.bz2']
2024-12-11 13:40:24,951 __main__     INFO     LCE-1920, writing all passages to s3_path: ['s3://41-processed-data-staging/textreuse/textreuse_passim_v1-0-0/results/tr_passages/LCE/tr_passages-LCE-1920.jsonl.bz2']
2024-12-11 13:45:24,548 __main__     INFO     LCE-1897, writing all passages to s3_path: ['s3://41-processed-data-staging/textreuse/textreuse_passim_v1-0-0/results/tr_passages/LCE/tr_passages-LCE-1897.jsonl.bz2']
2024-12-11 13:50:38,644 __main__     INFO     LCE-1931, writing all passages to s3_path: ['s3://41-processed-data-staging/textreuse/textreuse_passim_v1-0-0/results/tr_passages/LCE/tr_passages-LCE-1931.jsonl.bz2']
2024-12-11 13:55:49,685 __main__     INFO     LCE-1865, writing all passages to s3_path: ['s3://41-processed-data-staging/textreuse/textreuse_passim_v1-0-0/results/tr_passages/LCE/tr_passages-LCE-1865.jsonl.bz2']
2024-12-11 14:01:08,460 __main__     INFO     LCE-1921, writing all passages to s3_path: ['s3://41-processed-data-staging/textreuse/textreuse_passim_v1-0-0/results/tr_passages/LCE/tr_passages-LCE-1921.jsonl.bz2']
2024-12-11 14:06:16,433 __main__     INFO     LCE-1954, writing all passages to s3_path: ['s3://41-processed-data-staging/textreuse/textreuse_passim_v1-0-0/results/tr_passages/LCE/tr_passages-LCE-1954.jsonl.bz2']
2024-12-11 14:11:26,400 __main__     INFO     LCE-1938, writing all passages to s3_path: ['s3://41-processed-data-staging/textreuse/textreuse_passim_v1-0-0/results/tr_passages/LCE/tr_passages-LCE-1938.jsonl.bz2']
2024-12-11 14:16:33,605 __main__     INFO     LCE-1949, writing all passages to s3_path: ['s3://41-processed-data-staging/textreuse/textreuse_passim_v1-0-0/results/tr_passages/LCE/tr_passages-LCE-1949.jsonl.bz2']
2024-12-11 14:21:39,328 __main__     INFO     LCE-1985, writing all passages to s3_path: ['s3://41-processed-data-staging/textreuse/textreuse_passim_v1-0-0/results/tr_passages/LCE/tr_passages-LCE-1985.jsonl.bz2']
2024-12-11 14:26:33,508 __main__     INFO     LCE-1953, writing all passages to s3_path: ['s3://41-processed-data-staging/textreuse/textreuse_passim_v1-0-0/results/tr_passages/LCE/tr_passages-LCE-1953.jsonl.bz2']
2024-12-11 14:31:51,490 __main__     INFO     LCE-1955, writing all passages to s3_path: ['s3://41-processed-data-staging/textreuse/textreuse_passim_v1-0-0/results/tr_passages/LCE/tr_passages-LCE-1955.jsonl.bz2']
2024-12-11 14:37:06,960 __main__     INFO     LCE-1941, writing all passages to s3_path: ['s3://41-processed-data-staging/textreuse/textreuse_passim_v1-0-0/results/tr_passages/LCE/tr_passages-LCE-1941.jsonl.bz2']
2024-12-11 14:42:41,287 __main__     INFO     LCE-1997, writing all passages to s3_path: ['s3://41-processed-data-staging/textreuse/textreuse_passim_v1-0-0/results/tr_passages/LCE/tr_passages-LCE-1997.jsonl.bz2']
2024-12-11 14:47:54,619 __main__     INFO     LCE-1904, writing all passages to s3_path: ['s3://41-processed-data-staging/textreuse/textreuse_passim_v1-0-0/results/tr_passages/LCE/tr_passages-LCE-1904.jsonl.bz2']
2024-12-11 14:52:54,371 __main__     INFO     LCE-1879, writing all passages to s3_path: ['s3://41-processed-data-staging/textreuse/textreuse_passim_v1-0-0/results/tr_passages/LCE/tr_passages-LCE-1879.jsonl.bz2']
2024-12-11 14:58:00,425 __main__     INFO     LCE-1952, writing all passages to s3_path: ['s3://41-processed-data-staging/textreuse/textreuse_passim_v1-0-0/results/tr_passages/LCE/tr_passages-LCE-1952.jsonl.bz2']
2024-12-11 15:03:22,499 __main__     INFO     LCE-1866, writing all passages to s3_path: ['s3://41-processed-data-staging/textreuse/textreuse_passim_v1-0-0/results/tr_passages/LCE/tr_passages-LCE-1866.jsonl.bz2']
2024-12-11 15:09:07,384 __main__     INFO     LCE-1939, writing all passages to s3_path: ['s3://41-processed-data-staging/textreuse/textreuse_passim_v1-0-0/results/tr_passages/LCE/tr_passages-LCE-1939.jsonl.bz2']
2024-12-11 15:14:43,792 __main__     INFO     LCE-1936, writing all passages to s3_path: ['s3://41-processed-data-staging/textreuse/textreuse_passim_v1-0-0/results/tr_passages/LCE/tr_passages-LCE-1936.jsonl.bz2']
2024-12-11 15:20:03,971 __main__     INFO     LCE-1890, writing all passages to s3_path: ['s3://41-processed-data-staging/textreuse/textreuse_passim_v1-0-0/results/tr_passages/LCE/tr_passages-LCE-1890.jsonl.bz2']
2024-12-11 15:25:14,361 __main__     INFO     LCE-1950, writing all passages to s3_path: ['s3://41-processed-data-staging/textreuse/textreuse_passim_v1-0-0/results/tr_passages/LCE/tr_passages-LCE-1950.jsonl.bz2']
2024-12-11 15:30:32,125 __main__     INFO     LCE-1869, writing all passages to s3_path: ['s3://41-processed-data-staging/textreuse/textreuse_passim_v1-0-0/results/tr_passages/LCE/tr_passages-LCE-1869.jsonl.bz2']
2024-12-11 15:35:53,715 __main__     INFO     LCE-1861, writing all passages to s3_path: ['s3://41-processed-data-staging/textreuse/textreuse_passim_v1-0-0/results/tr_passages/LCE/tr_passages-LCE-1861.jsonl.bz2']
2024-12-11 15:41:09,945 __main__     INFO     LCE-1942, writing all passages to s3_path: ['s3://41-processed-data-staging/textreuse/textreuse_passim_v1-0-0/results/tr_passages/LCE/tr_passages-LCE-1942.jsonl.bz2']
2024-12-11 15:46:25,406 __main__     INFO     LCE-1969, writing all passages to s3_path: ['s3://41-processed-data-staging/textreuse/textreuse_passim_v1-0-0/results/tr_passages/LCE/tr_passages-LCE-1969.jsonl.bz2']
2024-12-11 15:51:22,727 __main__     INFO     LCE-1877, writing all passages to s3_path: ['s3://41-processed-data-staging/textreuse/textreuse_passim_v1-0-0/results/tr_passages/LCE/tr_passages-LCE-1877.jsonl.bz2']
