2024-12-09 15:19:19,435 __main__     INFO     Logger successfully initialised
2024-12-09 15:19:19,435 __main__     INFO     Provided parameters: {'--input-partition': None,
 '--log-file': '/home/piconti/impresso-passim/logs/passages_by_title_year_3.log',
 '--n-workers': None,
 '--output-partition': None,
 '--s3-bucket': None,
 '--verbose': False}
2024-12-09 15:19:21,442 __main__     INFO     Dask Client: <Client: 'tcp://127.0.0.1:36625' processes=12 threads=12, memory=357.63 GiB> and cluster: LocalCluster(ac8c837e, 'tcp://127.0.0.1:36625', workers=12, threads=12, memory=357.63 GiB)
2024-12-09 15:19:21,443 __main__     INFO     s3_input_path: s3://41-processed-data-staging/text-reuse/text-reuse_v1-0-0/passim_output_run_2/tr_passages/*.jsonl.bz2, s3_output_partition: s3://41-processed-data-staging/textreuse/textreuse_passim_v1-0-0/results/tr_passages
2024-12-09 15:19:21,443 __main__     INFO     Starting to load the data from S3.
2024-12-09 15:19:28,623 __main__     INFO     
------------ SNL-RERO ------------

2024-12-09 15:19:28,624 __main__     INFO     BDC - Skipping, as it's already done.
2024-12-09 15:19:28,624 __main__     INFO     CDV - Skipping, as it's already done.
2024-12-09 15:19:28,624 __main__     INFO     DLE - Skipping, as it's already done.
2024-12-09 15:19:28,624 __main__     INFO     EDA - Skipping, as it's already done.
2024-12-09 15:19:28,625 __main__     INFO     
---- Filtering passages for EXP (5/20) ----
2024-12-09 15:32:11,836 __main__     INFO     EXP-1988 - Skipping, as it's already done.
2024-12-09 15:32:11,836 __main__     INFO     EXP-1972 - Skipping, as it's already done.
2024-12-09 15:32:11,836 __main__     INFO     EXP-1828 - Skipping, as it's already done.
2024-12-09 15:32:11,837 __main__     INFO     EXP-1860 - Skipping, as it's already done.
2024-12-09 15:32:11,837 __main__     INFO     EXP-1895 - Skipping, as it's already done.
2024-12-09 15:32:11,837 __main__     INFO     EXP-1920 - Skipping, as it's already done.
2024-12-09 15:32:11,837 __main__     INFO     EXP-1897 - Skipping, as it's already done.
2024-12-09 15:32:11,837 __main__     INFO     EXP-1847 - Skipping, as it's already done.
2024-12-09 15:32:11,837 __main__     INFO     EXP-1931 - Skipping, as it's already done.
2024-12-09 15:32:11,837 __main__     INFO     EXP-1865 - Skipping, as it's already done.
2024-12-09 15:32:11,837 __main__     INFO     EXP-1845, writing all passages to s3_path: ['s3://41-processed-data-staging/textreuse/textreuse_passim_v1-0-0/results/tr_passages/EXP/tr_passages-EXP-1845.jsonl.bz2']
2024-12-09 15:38:59,769 __main__     INFO     EXP-1858, writing all passages to s3_path: ['s3://41-processed-data-staging/textreuse/textreuse_passim_v1-0-0/results/tr_passages/EXP/tr_passages-EXP-1858.jsonl.bz2']
2024-12-09 15:46:18,807 __main__     INFO     EXP-1921, writing all passages to s3_path: ['s3://41-processed-data-staging/textreuse/textreuse_passim_v1-0-0/results/tr_passages/EXP/tr_passages-EXP-1921.jsonl.bz2']
2024-12-09 15:53:18,052 __main__     INFO     EXP-1954, writing all passages to s3_path: ['s3://41-processed-data-staging/textreuse/textreuse_passim_v1-0-0/results/tr_passages/EXP/tr_passages-EXP-1954.jsonl.bz2']
2024-12-09 16:00:18,391 __main__     INFO     EXP-1839, writing all passages to s3_path: ['s3://41-processed-data-staging/textreuse/textreuse_passim_v1-0-0/results/tr_passages/EXP/tr_passages-EXP-1839.jsonl.bz2']
2024-12-09 16:07:11,530 __main__     INFO     EXP-1938, writing all passages to s3_path: ['s3://41-processed-data-staging/textreuse/textreuse_passim_v1-0-0/results/tr_passages/EXP/tr_passages-EXP-1938.jsonl.bz2']
2024-12-09 16:13:37,192 __main__     INFO     EXP-1949, writing all passages to s3_path: ['s3://41-processed-data-staging/textreuse/textreuse_passim_v1-0-0/results/tr_passages/EXP/tr_passages-EXP-1949.jsonl.bz2']
2024-12-09 16:21:06,423 __main__     INFO     EXP-1985, writing all passages to s3_path: ['s3://41-processed-data-staging/textreuse/textreuse_passim_v1-0-0/results/tr_passages/EXP/tr_passages-EXP-1985.jsonl.bz2']
2024-12-09 16:27:35,994 __main__     INFO     EXP-1953, writing all passages to s3_path: ['s3://41-processed-data-staging/textreuse/textreuse_passim_v1-0-0/results/tr_passages/EXP/tr_passages-EXP-1953.jsonl.bz2']
2024-12-09 16:34:52,451 __main__     INFO     EXP-1955, writing all passages to s3_path: ['s3://41-processed-data-staging/textreuse/textreuse_passim_v1-0-0/results/tr_passages/EXP/tr_passages-EXP-1955.jsonl.bz2']
2024-12-09 16:41:21,371 __main__     INFO     EXP-1941, writing all passages to s3_path: ['s3://41-processed-data-staging/textreuse/textreuse_passim_v1-0-0/results/tr_passages/EXP/tr_passages-EXP-1941.jsonl.bz2']
2024-12-09 16:48:47,721 __main__     INFO     EXP-1997, writing all passages to s3_path: ['s3://41-processed-data-staging/textreuse/textreuse_passim_v1-0-0/results/tr_passages/EXP/tr_passages-EXP-1997.jsonl.bz2']
2024-12-09 16:56:01,072 __main__     INFO     EXP-1904, writing all passages to s3_path: ['s3://41-processed-data-staging/textreuse/textreuse_passim_v1-0-0/results/tr_passages/EXP/tr_passages-EXP-1904.jsonl.bz2']
2024-12-09 17:03:00,426 __main__     INFO     EXP-1879, writing all passages to s3_path: ['s3://41-processed-data-staging/textreuse/textreuse_passim_v1-0-0/results/tr_passages/EXP/tr_passages-EXP-1879.jsonl.bz2']
2024-12-09 17:10:18,204 __main__     INFO     EXP-1854, writing all passages to s3_path: ['s3://41-processed-data-staging/textreuse/textreuse_passim_v1-0-0/results/tr_passages/EXP/tr_passages-EXP-1854.jsonl.bz2']
2024-12-09 17:17:04,042 __main__     INFO     EXP-1952, writing all passages to s3_path: ['s3://41-processed-data-staging/textreuse/textreuse_passim_v1-0-0/results/tr_passages/EXP/tr_passages-EXP-1952.jsonl.bz2']
2024-12-09 17:24:16,785 __main__     INFO     EXP-1866, writing all passages to s3_path: ['s3://41-processed-data-staging/textreuse/textreuse_passim_v1-0-0/results/tr_passages/EXP/tr_passages-EXP-1866.jsonl.bz2']
2024-12-09 17:30:47,023 __main__     INFO     EXP-1772, writing all passages to s3_path: ['s3://41-processed-data-staging/textreuse/textreuse_passim_v1-0-0/results/tr_passages/EXP/tr_passages-EXP-1772.jsonl.bz2']
2024-12-09 17:37:53,783 __main__     INFO     EXP-1840, writing all passages to s3_path: ['s3://41-processed-data-staging/textreuse/textreuse_passim_v1-0-0/results/tr_passages/EXP/tr_passages-EXP-1840.jsonl.bz2']
2024-12-09 17:44:19,817 __main__     INFO     EXP-2014, writing all passages to s3_path: ['s3://41-processed-data-staging/textreuse/textreuse_passim_v1-0-0/results/tr_passages/EXP/tr_passages-EXP-2014.jsonl.bz2']
2024-12-09 17:51:14,161 __main__     INFO     EXP-1939, writing all passages to s3_path: ['s3://41-processed-data-staging/textreuse/textreuse_passim_v1-0-0/results/tr_passages/EXP/tr_passages-EXP-1939.jsonl.bz2']
2024-12-09 17:58:10,437 __main__     INFO     EXP-1936, writing all passages to s3_path: ['s3://41-processed-data-staging/textreuse/textreuse_passim_v1-0-0/results/tr_passages/EXP/tr_passages-EXP-1936.jsonl.bz2']
2024-12-09 18:04:35,510 __main__     INFO     EXP-1890, writing all passages to s3_path: ['s3://41-processed-data-staging/textreuse/textreuse_passim_v1-0-0/results/tr_passages/EXP/tr_passages-EXP-1890.jsonl.bz2']
2024-12-09 18:10:57,734 __main__     INFO     EXP-1950, writing all passages to s3_path: ['s3://41-processed-data-staging/textreuse/textreuse_passim_v1-0-0/results/tr_passages/EXP/tr_passages-EXP-1950.jsonl.bz2']
2024-12-09 18:18:05,065 __main__     INFO     EXP-1869, writing all passages to s3_path: ['s3://41-processed-data-staging/textreuse/textreuse_passim_v1-0-0/results/tr_passages/EXP/tr_passages-EXP-1869.jsonl.bz2']
2024-12-09 18:24:51,474 __main__     INFO     EXP-1768, writing all passages to s3_path: ['s3://41-processed-data-staging/textreuse/textreuse_passim_v1-0-0/results/tr_passages/EXP/tr_passages-EXP-1768.jsonl.bz2']
2024-12-09 18:31:54,939 __main__     INFO     EXP-1836, writing all passages to s3_path: ['s3://41-processed-data-staging/textreuse/textreuse_passim_v1-0-0/results/tr_passages/EXP/tr_passages-EXP-1836.jsonl.bz2']
2024-12-09 18:39:02,490 __main__     INFO     EXP-1846, writing all passages to s3_path: ['s3://41-processed-data-staging/textreuse/textreuse_passim_v1-0-0/results/tr_passages/EXP/tr_passages-EXP-1846.jsonl.bz2']
2024-12-09 18:46:22,451 __main__     INFO     EXP-1861, writing all passages to s3_path: ['s3://41-processed-data-staging/textreuse/textreuse_passim_v1-0-0/results/tr_passages/EXP/tr_passages-EXP-1861.jsonl.bz2']
2024-12-09 18:53:05,349 __main__     INFO     EXP-1857, writing all passages to s3_path: ['s3://41-processed-data-staging/textreuse/textreuse_passim_v1-0-0/results/tr_passages/EXP/tr_passages-EXP-1857.jsonl.bz2']
2024-12-09 18:59:37,934 __main__     INFO     EXP-1942, writing all passages to s3_path: ['s3://41-processed-data-staging/textreuse/textreuse_passim_v1-0-0/results/tr_passages/EXP/tr_passages-EXP-1942.jsonl.bz2']
2024-12-09 19:05:51,110 __main__     INFO     EXP-1969, writing all passages to s3_path: ['s3://41-processed-data-staging/textreuse/textreuse_passim_v1-0-0/results/tr_passages/EXP/tr_passages-EXP-1969.jsonl.bz2']
2024-12-09 19:12:34,070 __main__     INFO     EXP-1877, writing all passages to s3_path: ['s3://41-processed-data-staging/textreuse/textreuse_passim_v1-0-0/results/tr_passages/EXP/tr_passages-EXP-1877.jsonl.bz2']
2024-12-09 19:19:57,900 __main__     INFO     EXP-1872, writing all passages to s3_path: ['s3://41-processed-data-staging/textreuse/textreuse_passim_v1-0-0/results/tr_passages/EXP/tr_passages-EXP-1872.jsonl.bz2']
2024-12-09 19:26:30,789 __main__     INFO     EXP-1868, writing all passages to s3_path: ['s3://41-processed-data-staging/textreuse/textreuse_passim_v1-0-0/results/tr_passages/EXP/tr_passages-EXP-1868.jsonl.bz2']
2024-12-09 19:32:53,256 __main__     INFO     EXP-1769, writing all passages to s3_path: ['s3://41-processed-data-staging/textreuse/textreuse_passim_v1-0-0/results/tr_passages/EXP/tr_passages-EXP-1769.jsonl.bz2']
2024-12-09 19:39:25,730 __main__     INFO     EXP-2009, writing all passages to s3_path: ['s3://41-processed-data-staging/textreuse/textreuse_passim_v1-0-0/results/tr_passages/EXP/tr_passages-EXP-2009.jsonl.bz2']
2024-12-09 19:46:54,828 __main__     INFO     EXP-1999, writing all passages to s3_path: ['s3://41-processed-data-staging/textreuse/textreuse_passim_v1-0-0/results/tr_passages/EXP/tr_passages-EXP-1999.jsonl.bz2']
2024-12-09 19:53:58,166 __main__     INFO     EXP-1943, writing all passages to s3_path: ['s3://41-processed-data-staging/textreuse/textreuse_passim_v1-0-0/results/tr_passages/EXP/tr_passages-EXP-1943.jsonl.bz2']
2024-12-09 20:01:07,384 __main__     INFO     EXP-1903, writing all passages to s3_path: ['s3://41-processed-data-staging/textreuse/textreuse_passim_v1-0-0/results/tr_passages/EXP/tr_passages-EXP-1903.jsonl.bz2']
2024-12-09 20:07:44,839 __main__     INFO     EXP-1832, writing all passages to s3_path: ['s3://41-processed-data-staging/textreuse/textreuse_passim_v1-0-0/results/tr_passages/EXP/tr_passages-EXP-1832.jsonl.bz2']
2024-12-09 20:15:04,355 __main__     INFO     EXP-2004, writing all passages to s3_path: ['s3://41-processed-data-staging/textreuse/textreuse_passim_v1-0-0/results/tr_passages/EXP/tr_passages-EXP-2004.jsonl.bz2']
2024-12-09 20:21:34,544 __main__     INFO     EXP-1965, writing all passages to s3_path: ['s3://41-processed-data-staging/textreuse/textreuse_passim_v1-0-0/results/tr_passages/EXP/tr_passages-EXP-1965.jsonl.bz2']
2024-12-09 20:28:19,485 __main__     INFO     EXP-1914, writing all passages to s3_path: ['s3://41-processed-data-staging/textreuse/textreuse_passim_v1-0-0/results/tr_passages/EXP/tr_passages-EXP-1914.jsonl.bz2']
2024-12-09 20:35:38,511 __main__     INFO     EXP-1797, writing all passages to s3_path: ['s3://41-processed-data-staging/textreuse/textreuse_passim_v1-0-0/results/tr_passages/EXP/tr_passages-EXP-1797.jsonl.bz2']
2024-12-09 20:41:57,794 __main__     INFO     EXP-1863, writing all passages to s3_path: ['s3://41-processed-data-staging/textreuse/textreuse_passim_v1-0-0/results/tr_passages/EXP/tr_passages-EXP-1863.jsonl.bz2']
2024-12-09 20:48:39,281 __main__     INFO     EXP-2001, writing all passages to s3_path: ['s3://41-processed-data-staging/textreuse/textreuse_passim_v1-0-0/results/tr_passages/EXP/tr_passages-EXP-2001.jsonl.bz2']
2024-12-09 20:55:25,066 __main__     INFO     EXP-1881, writing all passages to s3_path: ['s3://41-processed-data-staging/textreuse/textreuse_passim_v1-0-0/results/tr_passages/EXP/tr_passages-EXP-1881.jsonl.bz2']
2024-12-09 21:02:22,674 __main__     INFO     EXP-1907, writing all passages to s3_path: ['s3://41-processed-data-staging/textreuse/textreuse_passim_v1-0-0/results/tr_passages/EXP/tr_passages-EXP-1907.jsonl.bz2']
2024-12-09 21:08:58,353 __main__     INFO     EXP-1901, writing all passages to s3_path: ['s3://41-processed-data-staging/textreuse/textreuse_passim_v1-0-0/results/tr_passages/EXP/tr_passages-EXP-1901.jsonl.bz2']
2024-12-09 21:15:44,829 __main__     INFO     EXP-1740, writing all passages to s3_path: ['s3://41-processed-data-staging/textreuse/textreuse_passim_v1-0-0/results/tr_passages/EXP/tr_passages-EXP-1740.jsonl.bz2']
2024-12-09 21:23:11,626 __main__     INFO     EXP-1819, writing all passages to s3_path: ['s3://41-processed-data-staging/textreuse/textreuse_passim_v1-0-0/results/tr_passages/EXP/tr_passages-EXP-1819.jsonl.bz2']
2024-12-09 21:30:01,612 __main__     INFO     EXP-1889, writing all passages to s3_path: ['s3://41-processed-data-staging/textreuse/textreuse_passim_v1-0-0/results/tr_passages/EXP/tr_passages-EXP-1889.jsonl.bz2']
2024-12-09 21:36:39,810 __main__     INFO     EXP-1878, writing all passages to s3_path: ['s3://41-processed-data-staging/textreuse/textreuse_passim_v1-0-0/results/tr_passages/EXP/tr_passages-EXP-1878.jsonl.bz2']
2024-12-09 21:43:28,170 __main__     INFO     EXP-1978, writing all passages to s3_path: ['s3://41-processed-data-staging/textreuse/textreuse_passim_v1-0-0/results/tr_passages/EXP/tr_passages-EXP-1978.jsonl.bz2']
2024-12-09 21:50:08,009 __main__     INFO     EXP-1973, writing all passages to s3_path: ['s3://41-processed-data-staging/textreuse/textreuse_passim_v1-0-0/results/tr_passages/EXP/tr_passages-EXP-1973.jsonl.bz2']
2024-12-09 21:56:58,425 __main__     INFO     EXP-1808, writing all passages to s3_path: ['s3://41-processed-data-staging/textreuse/textreuse_passim_v1-0-0/results/tr_passages/EXP/tr_passages-EXP-1808.jsonl.bz2']
2024-12-09 22:03:56,535 __main__     INFO     EXP-1994, writing all passages to s3_path: ['s3://41-processed-data-staging/textreuse/textreuse_passim_v1-0-0/results/tr_passages/EXP/tr_passages-EXP-1994.jsonl.bz2']
2024-12-09 22:10:39,603 __main__     INFO     EXP-1884, writing all passages to s3_path: ['s3://41-processed-data-staging/textreuse/textreuse_passim_v1-0-0/results/tr_passages/EXP/tr_passages-EXP-1884.jsonl.bz2']
2024-12-09 22:17:30,810 __main__     INFO     EXP-1924, writing all passages to s3_path: ['s3://41-processed-data-staging/textreuse/textreuse_passim_v1-0-0/results/tr_passages/EXP/tr_passages-EXP-1924.jsonl.bz2']
2024-12-09 22:24:05,678 __main__     INFO     EXP-1915, writing all passages to s3_path: ['s3://41-processed-data-staging/textreuse/textreuse_passim_v1-0-0/results/tr_passages/EXP/tr_passages-EXP-1915.jsonl.bz2']
2024-12-09 22:30:42,993 __main__     INFO     EXP-1917, writing all passages to s3_path: ['s3://41-processed-data-staging/textreuse/textreuse_passim_v1-0-0/results/tr_passages/EXP/tr_passages-EXP-1917.jsonl.bz2']
2024-12-09 22:37:40,684 __main__     INFO     EXP-2007, writing all passages to s3_path: ['s3://41-processed-data-staging/textreuse/textreuse_passim_v1-0-0/results/tr_passages/EXP/tr_passages-EXP-2007.jsonl.bz2']
2024-12-09 22:44:44,807 __main__     INFO     EXP-1976, writing all passages to s3_path: ['s3://41-processed-data-staging/textreuse/textreuse_passim_v1-0-0/results/tr_passages/EXP/tr_passages-EXP-1976.jsonl.bz2']
2024-12-09 22:51:11,998 __main__     INFO     EXP-2010, writing all passages to s3_path: ['s3://41-processed-data-staging/textreuse/textreuse_passim_v1-0-0/results/tr_passages/EXP/tr_passages-EXP-2010.jsonl.bz2']
2024-12-09 22:57:52,304 __main__     INFO     EXP-1833, writing all passages to s3_path: ['s3://41-processed-data-staging/textreuse/textreuse_passim_v1-0-0/results/tr_passages/EXP/tr_passages-EXP-1833.jsonl.bz2']
2024-12-09 23:05:12,392 __main__     INFO     EXP-1883, writing all passages to s3_path: ['s3://41-processed-data-staging/textreuse/textreuse_passim_v1-0-0/results/tr_passages/EXP/tr_passages-EXP-1883.jsonl.bz2']
2024-12-09 23:11:52,593 __main__     INFO     EXP-1893, writing all passages to s3_path: ['s3://41-processed-data-staging/textreuse/textreuse_passim_v1-0-0/results/tr_passages/EXP/tr_passages-EXP-1893.jsonl.bz2']
2024-12-09 23:18:58,183 __main__     INFO     EXP-1961, writing all passages to s3_path: ['s3://41-processed-data-staging/textreuse/textreuse_passim_v1-0-0/results/tr_passages/EXP/tr_passages-EXP-1961.jsonl.bz2']
2024-12-09 23:25:31,116 __main__     INFO     EXP-1850, writing all passages to s3_path: ['s3://41-processed-data-staging/textreuse/textreuse_passim_v1-0-0/results/tr_passages/EXP/tr_passages-EXP-1850.jsonl.bz2']
2024-12-09 23:32:25,841 __main__     INFO     EXP-1891, writing all passages to s3_path: ['s3://41-processed-data-staging/textreuse/textreuse_passim_v1-0-0/results/tr_passages/EXP/tr_passages-EXP-1891.jsonl.bz2']
2024-12-09 23:38:50,556 __main__     INFO     EXP-1898, writing all passages to s3_path: ['s3://41-processed-data-staging/textreuse/textreuse_passim_v1-0-0/results/tr_passages/EXP/tr_passages-EXP-1898.jsonl.bz2']
2024-12-09 23:46:07,524 __main__     INFO     EXP-2008, writing all passages to s3_path: ['s3://41-processed-data-staging/textreuse/textreuse_passim_v1-0-0/results/tr_passages/EXP/tr_passages-EXP-2008.jsonl.bz2']
2024-12-09 23:53:41,932 __main__     INFO     EXP-1998, writing all passages to s3_path: ['s3://41-processed-data-staging/textreuse/textreuse_passim_v1-0-0/results/tr_passages/EXP/tr_passages-EXP-1998.jsonl.bz2']
2024-12-10 00:00:33,977 __main__     INFO     EXP-1873, writing all passages to s3_path: ['s3://41-processed-data-staging/textreuse/textreuse_passim_v1-0-0/results/tr_passages/EXP/tr_passages-EXP-1873.jsonl.bz2']
2024-12-10 00:07:13,660 __main__     INFO     EXP-1960, writing all passages to s3_path: ['s3://41-processed-data-staging/textreuse/textreuse_passim_v1-0-0/results/tr_passages/EXP/tr_passages-EXP-1960.jsonl.bz2']
2024-12-10 00:13:46,785 __main__     INFO     EXP-1984, writing all passages to s3_path: ['s3://41-processed-data-staging/textreuse/textreuse_passim_v1-0-0/results/tr_passages/EXP/tr_passages-EXP-1984.jsonl.bz2']
2024-12-10 00:20:00,168 __main__     INFO     EXP-1853, writing all passages to s3_path: ['s3://41-processed-data-staging/textreuse/textreuse_passim_v1-0-0/results/tr_passages/EXP/tr_passages-EXP-1853.jsonl.bz2']
2024-12-10 00:26:22,173 __main__     INFO     EXP-1971, writing all passages to s3_path: ['s3://41-processed-data-staging/textreuse/textreuse_passim_v1-0-0/results/tr_passages/EXP/tr_passages-EXP-1971.jsonl.bz2']
2024-12-10 00:33:09,327 __main__     INFO     EXP-1983, writing all passages to s3_path: ['s3://41-processed-data-staging/textreuse/textreuse_passim_v1-0-0/results/tr_passages/EXP/tr_passages-EXP-1983.jsonl.bz2']
2024-12-10 00:39:47,424 __main__     INFO     EXP-1829, writing all passages to s3_path: ['s3://41-processed-data-staging/textreuse/textreuse_passim_v1-0-0/results/tr_passages/EXP/tr_passages-EXP-1829.jsonl.bz2']
2024-12-10 00:46:44,790 __main__     INFO     EXP-1918, writing all passages to s3_path: ['s3://41-processed-data-staging/textreuse/textreuse_passim_v1-0-0/results/tr_passages/EXP/tr_passages-EXP-1918.jsonl.bz2']
2024-12-10 00:53:14,583 __main__     INFO     EXP-1876, writing all passages to s3_path: ['s3://41-processed-data-staging/textreuse/textreuse_passim_v1-0-0/results/tr_passages/EXP/tr_passages-EXP-1876.jsonl.bz2']
2024-12-10 00:59:27,413 __main__     INFO     EXP-1905, writing all passages to s3_path: ['s3://41-processed-data-staging/textreuse/textreuse_passim_v1-0-0/results/tr_passages/EXP/tr_passages-EXP-1905.jsonl.bz2']
2024-12-10 01:06:43,363 __main__     INFO     EXP-2002, writing all passages to s3_path: ['s3://41-processed-data-staging/textreuse/textreuse_passim_v1-0-0/results/tr_passages/EXP/tr_passages-EXP-2002.jsonl.bz2']
2024-12-10 01:13:15,682 __main__     INFO     EXP-1959, writing all passages to s3_path: ['s3://41-processed-data-staging/textreuse/textreuse_passim_v1-0-0/results/tr_passages/EXP/tr_passages-EXP-1959.jsonl.bz2']
2024-12-10 01:19:44,984 __main__     INFO     EXP-1911, writing all passages to s3_path: ['s3://41-processed-data-staging/textreuse/textreuse_passim_v1-0-0/results/tr_passages/EXP/tr_passages-EXP-1911.jsonl.bz2']
2024-12-10 01:26:22,772 __main__     INFO     EXP-1922, writing all passages to s3_path: ['s3://41-processed-data-staging/textreuse/textreuse_passim_v1-0-0/results/tr_passages/EXP/tr_passages-EXP-1922.jsonl.bz2']
2024-12-10 01:33:02,636 __main__     INFO     EXP-1923, writing all passages to s3_path: ['s3://41-processed-data-staging/textreuse/textreuse_passim_v1-0-0/results/tr_passages/EXP/tr_passages-EXP-1923.jsonl.bz2']
2024-12-10 01:40:27,377 __main__     INFO     EXP-1913, writing all passages to s3_path: ['s3://41-processed-data-staging/textreuse/textreuse_passim_v1-0-0/results/tr_passages/EXP/tr_passages-EXP-1913.jsonl.bz2']
2024-12-10 01:47:08,318 __main__     INFO     EXP-1934, writing all passages to s3_path: ['s3://41-processed-data-staging/textreuse/textreuse_passim_v1-0-0/results/tr_passages/EXP/tr_passages-EXP-1934.jsonl.bz2']
2024-12-10 01:53:31,018 __main__     INFO     EXP-1849, writing all passages to s3_path: ['s3://41-processed-data-staging/textreuse/textreuse_passim_v1-0-0/results/tr_passages/EXP/tr_passages-EXP-1849.jsonl.bz2']
2024-12-10 02:00:20,814 __main__     INFO     EXP-1882, writing all passages to s3_path: ['s3://41-processed-data-staging/textreuse/textreuse_passim_v1-0-0/results/tr_passages/EXP/tr_passages-EXP-1882.jsonl.bz2']
2024-12-10 02:07:16,499 __main__     INFO     EXP-1989, writing all passages to s3_path: ['s3://41-processed-data-staging/textreuse/textreuse_passim_v1-0-0/results/tr_passages/EXP/tr_passages-EXP-1989.jsonl.bz2']
2024-12-10 02:14:22,917 __main__     INFO     EXP-1945, writing all passages to s3_path: ['s3://41-processed-data-staging/textreuse/textreuse_passim_v1-0-0/results/tr_passages/EXP/tr_passages-EXP-1945.jsonl.bz2']
2024-12-10 02:20:35,533 __main__     INFO     EXP-1910, writing all passages to s3_path: ['s3://41-processed-data-staging/textreuse/textreuse_passim_v1-0-0/results/tr_passages/EXP/tr_passages-EXP-1910.jsonl.bz2']
2024-12-10 02:27:03,443 __main__     INFO     EXP-2003, writing all passages to s3_path: ['s3://41-processed-data-staging/textreuse/textreuse_passim_v1-0-0/results/tr_passages/EXP/tr_passages-EXP-2003.jsonl.bz2']
2024-12-10 02:34:03,456 __main__     INFO     EXP-1957, writing all passages to s3_path: ['s3://41-processed-data-staging/textreuse/textreuse_passim_v1-0-0/results/tr_passages/EXP/tr_passages-EXP-1957.jsonl.bz2']
2024-12-10 02:40:42,524 __main__     INFO     EXP-1958, writing all passages to s3_path: ['s3://41-processed-data-staging/textreuse/textreuse_passim_v1-0-0/results/tr_passages/EXP/tr_passages-EXP-1958.jsonl.bz2']
2024-12-10 02:47:33,350 __main__     INFO     EXP-2013, writing all passages to s3_path: ['s3://41-processed-data-staging/textreuse/textreuse_passim_v1-0-0/results/tr_passages/EXP/tr_passages-EXP-2013.jsonl.bz2']
2024-12-10 02:54:43,244 __main__     INFO     EXP-1811, writing all passages to s3_path: ['s3://41-processed-data-staging/textreuse/textreuse_passim_v1-0-0/results/tr_passages/EXP/tr_passages-EXP-1811.jsonl.bz2']
2024-12-10 03:01:00,459 __main__     INFO     EXP-1970, writing all passages to s3_path: ['s3://41-processed-data-staging/textreuse/textreuse_passim_v1-0-0/results/tr_passages/EXP/tr_passages-EXP-1970.jsonl.bz2']
2024-12-10 03:07:49,564 __main__     INFO     EXP-1888, writing all passages to s3_path: ['s3://41-processed-data-staging/textreuse/textreuse_passim_v1-0-0/results/tr_passages/EXP/tr_passages-EXP-1888.jsonl.bz2']
2024-12-10 03:14:30,646 __main__     INFO     EXP-1867, writing all passages to s3_path: ['s3://41-processed-data-staging/textreuse/textreuse_passim_v1-0-0/results/tr_passages/EXP/tr_passages-EXP-1867.jsonl.bz2']
2024-12-10 03:20:59,772 __main__     INFO     EXP-1991, writing all passages to s3_path: ['s3://41-processed-data-staging/textreuse/textreuse_passim_v1-0-0/results/tr_passages/EXP/tr_passages-EXP-1991.jsonl.bz2']
2024-12-10 03:27:27,976 __main__     INFO     EXP-2011, writing all passages to s3_path: ['s3://41-processed-data-staging/textreuse/textreuse_passim_v1-0-0/results/tr_passages/EXP/tr_passages-EXP-2011.jsonl.bz2']
2024-12-10 03:34:14,438 __main__     INFO     EXP-1993, writing all passages to s3_path: ['s3://41-processed-data-staging/textreuse/textreuse_passim_v1-0-0/results/tr_passages/EXP/tr_passages-EXP-1993.jsonl.bz2']
2024-12-10 03:40:34,554 __main__     INFO     EXP-1899, writing all passages to s3_path: ['s3://41-processed-data-staging/textreuse/textreuse_passim_v1-0-0/results/tr_passages/EXP/tr_passages-EXP-1899.jsonl.bz2']
2024-12-10 03:47:07,383 __main__     INFO     EXP-1975, writing all passages to s3_path: ['s3://41-processed-data-staging/textreuse/textreuse_passim_v1-0-0/results/tr_passages/EXP/tr_passages-EXP-1975.jsonl.bz2']
2024-12-10 03:53:49,365 __main__     INFO     EXP-1927, writing all passages to s3_path: ['s3://41-processed-data-staging/textreuse/textreuse_passim_v1-0-0/results/tr_passages/EXP/tr_passages-EXP-1927.jsonl.bz2']
2024-12-10 04:00:28,592 __main__     INFO     EXP-1912, writing all passages to s3_path: ['s3://41-processed-data-staging/textreuse/textreuse_passim_v1-0-0/results/tr_passages/EXP/tr_passages-EXP-1912.jsonl.bz2']
2024-12-10 04:07:09,873 __main__     INFO     EXP-1966, writing all passages to s3_path: ['s3://41-processed-data-staging/textreuse/textreuse_passim_v1-0-0/results/tr_passages/EXP/tr_passages-EXP-1966.jsonl.bz2']
2024-12-10 04:13:49,797 __main__     INFO     EXP-1880, writing all passages to s3_path: ['s3://41-processed-data-staging/textreuse/textreuse_passim_v1-0-0/results/tr_passages/EXP/tr_passages-EXP-1880.jsonl.bz2']
2024-12-10 04:20:31,072 __main__     INFO     EXP-2012, writing all passages to s3_path: ['s3://41-processed-data-staging/textreuse/textreuse_passim_v1-0-0/results/tr_passages/EXP/tr_passages-EXP-2012.jsonl.bz2']
2024-12-10 04:27:44,708 __main__     INFO     EXP-1900, writing all passages to s3_path: ['s3://41-processed-data-staging/textreuse/textreuse_passim_v1-0-0/results/tr_passages/EXP/tr_passages-EXP-1900.jsonl.bz2']
2024-12-10 04:34:13,290 __main__     INFO     EXP-1799, writing all passages to s3_path: ['s3://41-processed-data-staging/textreuse/textreuse_passim_v1-0-0/results/tr_passages/EXP/tr_passages-EXP-1799.jsonl.bz2']
2024-12-10 04:40:39,572 __main__     INFO     EXP-1962, writing all passages to s3_path: ['s3://41-processed-data-staging/textreuse/textreuse_passim_v1-0-0/results/tr_passages/EXP/tr_passages-EXP-1962.jsonl.bz2']
2024-12-10 04:47:02,044 __main__     INFO     EXP-1919, writing all passages to s3_path: ['s3://41-processed-data-staging/textreuse/textreuse_passim_v1-0-0/results/tr_passages/EXP/tr_passages-EXP-1919.jsonl.bz2']
2024-12-10 04:53:18,496 __main__     INFO     EXP-1935, writing all passages to s3_path: ['s3://41-processed-data-staging/textreuse/textreuse_passim_v1-0-0/results/tr_passages/EXP/tr_passages-EXP-1935.jsonl.bz2']
2024-12-10 04:59:46,953 __main__     INFO     EXP-1830, writing all passages to s3_path: ['s3://41-processed-data-staging/textreuse/textreuse_passim_v1-0-0/results/tr_passages/EXP/tr_passages-EXP-1830.jsonl.bz2']
2024-12-10 05:06:40,054 __main__     INFO     EXP-1870, writing all passages to s3_path: ['s3://41-processed-data-staging/textreuse/textreuse_passim_v1-0-0/results/tr_passages/EXP/tr_passages-EXP-1870.jsonl.bz2']
2024-12-10 05:13:16,692 __main__     INFO     EXP-1835, writing all passages to s3_path: ['s3://41-processed-data-staging/textreuse/textreuse_passim_v1-0-0/results/tr_passages/EXP/tr_passages-EXP-1835.jsonl.bz2']
2024-12-10 05:19:48,188 __main__     INFO     EXP-1841, writing all passages to s3_path: ['s3://41-processed-data-staging/textreuse/textreuse_passim_v1-0-0/results/tr_passages/EXP/tr_passages-EXP-1841.jsonl.bz2']
2024-12-10 05:27:15,428 __main__     INFO     EXP-1968, writing all passages to s3_path: ['s3://41-processed-data-staging/textreuse/textreuse_passim_v1-0-0/results/tr_passages/EXP/tr_passages-EXP-1968.jsonl.bz2']
2024-12-10 05:33:42,208 __main__     INFO     EXP-1887, writing all passages to s3_path: ['s3://41-processed-data-staging/textreuse/textreuse_passim_v1-0-0/results/tr_passages/EXP/tr_passages-EXP-1887.jsonl.bz2']
2024-12-10 05:40:33,387 __main__     INFO     EXP-1995, writing all passages to s3_path: ['s3://41-processed-data-staging/textreuse/textreuse_passim_v1-0-0/results/tr_passages/EXP/tr_passages-EXP-1995.jsonl.bz2']
2024-12-10 05:47:11,708 __main__     INFO     EXP-1848, writing all passages to s3_path: ['s3://41-processed-data-staging/textreuse/textreuse_passim_v1-0-0/results/tr_passages/EXP/tr_passages-EXP-1848.jsonl.bz2']
2024-12-10 05:53:55,263 __main__     INFO     EXP-1885, writing all passages to s3_path: ['s3://41-processed-data-staging/textreuse/textreuse_passim_v1-0-0/results/tr_passages/EXP/tr_passages-EXP-1885.jsonl.bz2']
2024-12-10 06:02:21,511 __main__     INFO     EXP-1948, writing all passages to s3_path: ['s3://41-processed-data-staging/textreuse/textreuse_passim_v1-0-0/results/tr_passages/EXP/tr_passages-EXP-1948.jsonl.bz2']
2024-12-10 06:08:49,956 __main__     INFO     EXP-1856, writing all passages to s3_path: ['s3://41-processed-data-staging/textreuse/textreuse_passim_v1-0-0/results/tr_passages/EXP/tr_passages-EXP-1856.jsonl.bz2']
2024-12-10 06:15:33,477 __main__     INFO     EXP-1946, writing all passages to s3_path: ['s3://41-processed-data-staging/textreuse/textreuse_passim_v1-0-0/results/tr_passages/EXP/tr_passages-EXP-1946.jsonl.bz2']
2024-12-10 06:22:08,877 __main__     INFO     EXP-1937, writing all passages to s3_path: ['s3://41-processed-data-staging/textreuse/textreuse_passim_v1-0-0/results/tr_passages/EXP/tr_passages-EXP-1937.jsonl.bz2']
2024-12-10 06:28:41,694 __main__     INFO     EXP-1908, writing all passages to s3_path: ['s3://41-processed-data-staging/textreuse/textreuse_passim_v1-0-0/results/tr_passages/EXP/tr_passages-EXP-1908.jsonl.bz2']
2024-12-10 06:35:17,218 __main__     INFO     EXP-1967, writing all passages to s3_path: ['s3://41-processed-data-staging/textreuse/textreuse_passim_v1-0-0/results/tr_passages/EXP/tr_passages-EXP-1967.jsonl.bz2']
2024-12-10 06:42:15,192 __main__     INFO     EXP-1859, writing all passages to s3_path: ['s3://41-processed-data-staging/textreuse/textreuse_passim_v1-0-0/results/tr_passages/EXP/tr_passages-EXP-1859.jsonl.bz2']
2024-12-10 06:49:04,476 __main__     INFO     EXP-1947, writing all passages to s3_path: ['s3://41-processed-data-staging/textreuse/textreuse_passim_v1-0-0/results/tr_passages/EXP/tr_passages-EXP-1947.jsonl.bz2']
2024-12-10 06:55:50,508 __main__     INFO     EXP-1996, writing all passages to s3_path: ['s3://41-processed-data-staging/textreuse/textreuse_passim_v1-0-0/results/tr_passages/EXP/tr_passages-EXP-1996.jsonl.bz2']
2024-12-10 07:02:27,056 __main__     INFO     EXP-1944, writing all passages to s3_path: ['s3://41-processed-data-staging/textreuse/textreuse_passim_v1-0-0/results/tr_passages/EXP/tr_passages-EXP-1944.jsonl.bz2']
2024-12-10 07:09:00,916 __main__     INFO     EXP-1986, writing all passages to s3_path: ['s3://41-processed-data-staging/textreuse/textreuse_passim_v1-0-0/results/tr_passages/EXP/tr_passages-EXP-1986.jsonl.bz2']
2024-12-10 07:15:51,902 __main__     INFO     EXP-1892, writing all passages to s3_path: ['s3://41-processed-data-staging/textreuse/textreuse_passim_v1-0-0/results/tr_passages/EXP/tr_passages-EXP-1892.jsonl.bz2']
2024-12-10 07:22:37,573 __main__     INFO     EXP-2017, writing all passages to s3_path: ['s3://41-processed-data-staging/textreuse/textreuse_passim_v1-0-0/results/tr_passages/EXP/tr_passages-EXP-2017.jsonl.bz2']
2024-12-10 07:29:22,790 __main__     INFO     EXP-1916, writing all passages to s3_path: ['s3://41-processed-data-staging/textreuse/textreuse_passim_v1-0-0/results/tr_passages/EXP/tr_passages-EXP-1916.jsonl.bz2']
2024-12-10 07:35:56,617 __main__     INFO     EXP-1862, writing all passages to s3_path: ['s3://41-processed-data-staging/textreuse/textreuse_passim_v1-0-0/results/tr_passages/EXP/tr_passages-EXP-1862.jsonl.bz2']
2024-12-10 07:42:16,856 __main__     INFO     EXP-2005, writing all passages to s3_path: ['s3://41-processed-data-staging/textreuse/textreuse_passim_v1-0-0/results/tr_passages/EXP/tr_passages-EXP-2005.jsonl.bz2']
2024-12-10 07:49:17,512 __main__     INFO     EXP-1928, writing all passages to s3_path: ['s3://41-processed-data-staging/textreuse/textreuse_passim_v1-0-0/results/tr_passages/EXP/tr_passages-EXP-1928.jsonl.bz2']
2024-12-10 07:56:59,855 __main__     INFO     EXP-1852, writing all passages to s3_path: ['s3://41-processed-data-staging/textreuse/textreuse_passim_v1-0-0/results/tr_passages/EXP/tr_passages-EXP-1852.jsonl.bz2']
2024-12-10 08:03:23,651 __main__     INFO     EXP-1875, writing all passages to s3_path: ['s3://41-processed-data-staging/textreuse/textreuse_passim_v1-0-0/results/tr_passages/EXP/tr_passages-EXP-1875.jsonl.bz2']
2024-12-10 08:09:54,521 __main__     INFO     EXP-1896, writing all passages to s3_path: ['s3://41-processed-data-staging/textreuse/textreuse_passim_v1-0-0/results/tr_passages/EXP/tr_passages-EXP-1896.jsonl.bz2']
2024-12-10 08:16:34,238 __main__     INFO     EXP-1817, writing all passages to s3_path: ['s3://41-processed-data-staging/textreuse/textreuse_passim_v1-0-0/results/tr_passages/EXP/tr_passages-EXP-1817.jsonl.bz2']
2024-12-10 08:23:15,437 __main__     INFO     EXP-1831, writing all passages to s3_path: ['s3://41-processed-data-staging/textreuse/textreuse_passim_v1-0-0/results/tr_passages/EXP/tr_passages-EXP-1831.jsonl.bz2']
2024-12-10 08:29:10,907 __main__     INFO     EXP-1864, writing all passages to s3_path: ['s3://41-processed-data-staging/textreuse/textreuse_passim_v1-0-0/results/tr_passages/EXP/tr_passages-EXP-1864.jsonl.bz2']
2024-12-10 08:35:40,201 __main__     INFO     EXP-2015, writing all passages to s3_path: ['s3://41-processed-data-staging/textreuse/textreuse_passim_v1-0-0/results/tr_passages/EXP/tr_passages-EXP-2015.jsonl.bz2']
2024-12-10 08:42:08,866 __main__     INFO     EXP-1974, writing all passages to s3_path: ['s3://41-processed-data-staging/textreuse/textreuse_passim_v1-0-0/results/tr_passages/EXP/tr_passages-EXP-1974.jsonl.bz2']
2024-12-10 08:48:55,121 __main__     INFO     EXP-1815, writing all passages to s3_path: ['s3://41-processed-data-staging/textreuse/textreuse_passim_v1-0-0/results/tr_passages/EXP/tr_passages-EXP-1815.jsonl.bz2']
2024-12-10 08:55:57,562 __main__     INFO     EXP-1980, writing all passages to s3_path: ['s3://41-processed-data-staging/textreuse/textreuse_passim_v1-0-0/results/tr_passages/EXP/tr_passages-EXP-1980.jsonl.bz2']
2024-12-10 09:02:23,801 __main__     INFO     EXP-1827, writing all passages to s3_path: ['s3://41-processed-data-staging/textreuse/textreuse_passim_v1-0-0/results/tr_passages/EXP/tr_passages-EXP-1827.jsonl.bz2']
2024-12-10 09:08:42,798 __main__     INFO     EXP-1886, writing all passages to s3_path: ['s3://41-processed-data-staging/textreuse/textreuse_passim_v1-0-0/results/tr_passages/EXP/tr_passages-EXP-1886.jsonl.bz2']
2024-12-10 09:15:52,335 __main__     INFO     EXP-1929, writing all passages to s3_path: ['s3://41-processed-data-staging/textreuse/textreuse_passim_v1-0-0/results/tr_passages/EXP/tr_passages-EXP-1929.jsonl.bz2']
2024-12-10 09:22:46,700 __main__     INFO     EXP-1874, writing all passages to s3_path: ['s3://41-processed-data-staging/textreuse/textreuse_passim_v1-0-0/results/tr_passages/EXP/tr_passages-EXP-1874.jsonl.bz2']
2024-12-10 09:29:38,556 __main__     INFO     EXP-1926, writing all passages to s3_path: ['s3://41-processed-data-staging/textreuse/textreuse_passim_v1-0-0/results/tr_passages/EXP/tr_passages-EXP-1926.jsonl.bz2']
2024-12-10 09:36:33,302 __main__     INFO     EXP-1837, writing all passages to s3_path: ['s3://41-processed-data-staging/textreuse/textreuse_passim_v1-0-0/results/tr_passages/EXP/tr_passages-EXP-1837.jsonl.bz2']
2024-12-10 09:43:08,442 __main__     INFO     EXP-1894, writing all passages to s3_path: ['s3://41-processed-data-staging/textreuse/textreuse_passim_v1-0-0/results/tr_passages/EXP/tr_passages-EXP-1894.jsonl.bz2']
2024-12-10 09:49:30,199 __main__     INFO     EXP-2016, writing all passages to s3_path: ['s3://41-processed-data-staging/textreuse/textreuse_passim_v1-0-0/results/tr_passages/EXP/tr_passages-EXP-2016.jsonl.bz2']
2024-12-10 09:56:12,275 __main__     INFO     EXP-1842, writing all passages to s3_path: ['s3://41-processed-data-staging/textreuse/textreuse_passim_v1-0-0/results/tr_passages/EXP/tr_passages-EXP-1842.jsonl.bz2']
2024-12-10 10:02:58,286 __main__     INFO     EXP-1992, writing all passages to s3_path: ['s3://41-processed-data-staging/textreuse/textreuse_passim_v1-0-0/results/tr_passages/EXP/tr_passages-EXP-1992.jsonl.bz2']
2024-12-10 10:09:46,449 __main__     INFO     EXP-1871, writing all passages to s3_path: ['s3://41-processed-data-staging/textreuse/textreuse_passim_v1-0-0/results/tr_passages/EXP/tr_passages-EXP-1871.jsonl.bz2']
2024-12-10 10:16:44,343 __main__     INFO     EXP-2006, writing all passages to s3_path: ['s3://41-processed-data-staging/textreuse/textreuse_passim_v1-0-0/results/tr_passages/EXP/tr_passages-EXP-2006.jsonl.bz2']
2024-12-10 10:23:50,822 __main__     INFO     EXP-1987, writing all passages to s3_path: ['s3://41-processed-data-staging/textreuse/textreuse_passim_v1-0-0/results/tr_passages/EXP/tr_passages-EXP-1987.jsonl.bz2']
2024-12-10 10:31:01,848 __main__     INFO     EXP-1964, writing all passages to s3_path: ['s3://41-processed-data-staging/textreuse/textreuse_passim_v1-0-0/results/tr_passages/EXP/tr_passages-EXP-1964.jsonl.bz2']
2024-12-10 10:37:48,647 __main__     INFO     EXP-1930, writing all passages to s3_path: ['s3://41-processed-data-staging/textreuse/textreuse_passim_v1-0-0/results/tr_passages/EXP/tr_passages-EXP-1930.jsonl.bz2']
2024-12-10 10:44:30,272 __main__     INFO     EXP-1956, writing all passages to s3_path: ['s3://41-processed-data-staging/textreuse/textreuse_passim_v1-0-0/results/tr_passages/EXP/tr_passages-EXP-1956.jsonl.bz2']
2024-12-10 10:51:12,078 __main__     INFO     EXP-1834, writing all passages to s3_path: ['s3://41-processed-data-staging/textreuse/textreuse_passim_v1-0-0/results/tr_passages/EXP/tr_passages-EXP-1834.jsonl.bz2']
2024-12-10 10:57:59,343 __main__     INFO     EXP-1902, writing all passages to s3_path: ['s3://41-processed-data-staging/textreuse/textreuse_passim_v1-0-0/results/tr_passages/EXP/tr_passages-EXP-1902.jsonl.bz2']
2024-12-10 11:04:51,762 __main__     INFO     EXP-1981, writing all passages to s3_path: ['s3://41-processed-data-staging/textreuse/textreuse_passim_v1-0-0/results/tr_passages/EXP/tr_passages-EXP-1981.jsonl.bz2']
2024-12-10 11:11:40,510 __main__     INFO     EXP-1844, writing all passages to s3_path: ['s3://41-processed-data-staging/textreuse/textreuse_passim_v1-0-0/results/tr_passages/EXP/tr_passages-EXP-1844.jsonl.bz2']
2024-12-10 11:18:24,945 __main__     INFO     EXP-1932, writing all passages to s3_path: ['s3://41-processed-data-staging/textreuse/textreuse_passim_v1-0-0/results/tr_passages/EXP/tr_passages-EXP-1932.jsonl.bz2']
2024-12-10 11:25:05,464 __main__     INFO     EXP-1851, writing all passages to s3_path: ['s3://41-processed-data-staging/textreuse/textreuse_passim_v1-0-0/results/tr_passages/EXP/tr_passages-EXP-1851.jsonl.bz2']
2024-12-10 11:32:12,974 __main__     INFO     EXP-1990, writing all passages to s3_path: ['s3://41-processed-data-staging/textreuse/textreuse_passim_v1-0-0/results/tr_passages/EXP/tr_passages-EXP-1990.jsonl.bz2']
2024-12-10 11:39:18,223 __main__     INFO     EXP-1909, writing all passages to s3_path: ['s3://41-processed-data-staging/textreuse/textreuse_passim_v1-0-0/results/tr_passages/EXP/tr_passages-EXP-1909.jsonl.bz2']
2024-12-10 11:46:25,462 __main__     INFO     EXP-1951, writing all passages to s3_path: ['s3://41-processed-data-staging/textreuse/textreuse_passim_v1-0-0/results/tr_passages/EXP/tr_passages-EXP-1951.jsonl.bz2']
2024-12-10 11:53:30,813 __main__     INFO     EXP-2000, writing all passages to s3_path: ['s3://41-processed-data-staging/textreuse/textreuse_passim_v1-0-0/results/tr_passages/EXP/tr_passages-EXP-2000.jsonl.bz2']
2024-12-10 12:00:20,152 __main__     INFO     EXP-1838, writing all passages to s3_path: ['s3://41-processed-data-staging/textreuse/textreuse_passim_v1-0-0/results/tr_passages/EXP/tr_passages-EXP-1838.jsonl.bz2']
2024-12-10 12:06:45,424 __main__     INFO     EXP-1977, writing all passages to s3_path: ['s3://41-processed-data-staging/textreuse/textreuse_passim_v1-0-0/results/tr_passages/EXP/tr_passages-EXP-1977.jsonl.bz2']
2024-12-10 12:14:10,356 __main__     INFO     EXP-1940, writing all passages to s3_path: ['s3://41-processed-data-staging/textreuse/textreuse_passim_v1-0-0/results/tr_passages/EXP/tr_passages-EXP-1940.jsonl.bz2']
2024-12-10 12:20:39,541 __main__     INFO     EXP-1982, writing all passages to s3_path: ['s3://41-processed-data-staging/textreuse/textreuse_passim_v1-0-0/results/tr_passages/EXP/tr_passages-EXP-1982.jsonl.bz2']
2024-12-10 12:27:07,441 __main__     INFO     EXP-1933, writing all passages to s3_path: ['s3://41-processed-data-staging/textreuse/textreuse_passim_v1-0-0/results/tr_passages/EXP/tr_passages-EXP-1933.jsonl.bz2']
2024-12-10 12:33:54,879 __main__     INFO     EXP-1906, writing all passages to s3_path: ['s3://41-processed-data-staging/textreuse/textreuse_passim_v1-0-0/results/tr_passages/EXP/tr_passages-EXP-1906.jsonl.bz2']
2024-12-10 12:40:35,443 __main__     INFO     EXP-1963, writing all passages to s3_path: ['s3://41-processed-data-staging/textreuse/textreuse_passim_v1-0-0/results/tr_passages/EXP/tr_passages-EXP-1963.jsonl.bz2']
2024-12-10 12:47:40,375 __main__     INFO     EXP-1855, writing all passages to s3_path: ['s3://41-processed-data-staging/textreuse/textreuse_passim_v1-0-0/results/tr_passages/EXP/tr_passages-EXP-1855.jsonl.bz2']
2024-12-10 12:54:13,500 __main__     INFO     EXP-1843, writing all passages to s3_path: ['s3://41-processed-data-staging/textreuse/textreuse_passim_v1-0-0/results/tr_passages/EXP/tr_passages-EXP-1843.jsonl.bz2']
2024-12-10 13:00:30,743 __main__     INFO     EXP-1979, writing all passages to s3_path: ['s3://41-processed-data-staging/textreuse/textreuse_passim_v1-0-0/results/tr_passages/EXP/tr_passages-EXP-1979.jsonl.bz2']
2024-12-10 13:07:04,581 __main__     INFO     EXP-1925, writing all passages to s3_path: ['s3://41-processed-data-staging/textreuse/textreuse_passim_v1-0-0/results/tr_passages/EXP/tr_passages-EXP-1925.jsonl.bz2']
2024-12-10 13:13:55,210 __main__     INFO     EXP - Finished writing all passages to files, going to next title.
2024-12-10 13:13:55,210 __main__     INFO     
---- Filtering passages for IMP (6/20) ----
2024-12-10 13:20:31,382 __main__     INFO     IMP-1988 - Skipping, as it's already done.
2024-12-10 13:20:31,382 __main__     INFO     IMP-1972 - Skipping, as it's already done.
2024-12-10 13:20:31,382 __main__     INFO     IMP-1895 - Skipping, as it's already done.
2024-12-10 13:20:31,382 __main__     INFO     IMP-1920 - Skipping, as it's already done.
2024-12-10 13:20:31,382 __main__     INFO     IMP-1897 - Skipping, as it's already done.
2024-12-10 13:20:31,382 __main__     INFO     IMP-1931 - Skipping, as it's already done.
2024-12-10 13:20:31,382 __main__     INFO     IMP-1921 - Skipping, as it's already done.
2024-12-10 13:20:31,382 __main__     INFO     IMP-1954 - Skipping, as it's already done.
2024-12-10 13:20:31,383 __main__     INFO     IMP-1938 - Skipping, as it's already done.
2024-12-10 13:20:31,383 __main__     INFO     IMP-1949 - Skipping, as it's already done.
2024-12-10 13:20:31,383 __main__     INFO     IMP-1985 - Skipping, as it's already done.
2024-12-10 13:20:31,383 __main__     INFO     IMP-1953 - Skipping, as it's already done.
2024-12-10 13:20:31,383 __main__     INFO     IMP-1955 - Skipping, as it's already done.
2024-12-10 13:20:31,383 __main__     INFO     IMP-1941 - Skipping, as it's already done.
2024-12-10 13:20:31,383 __main__     INFO     IMP-1997 - Skipping, as it's already done.
2024-12-10 13:20:31,383 __main__     INFO     IMP-1904 - Skipping, as it's already done.
2024-12-10 13:20:31,383 __main__     INFO     IMP-1952 - Skipping, as it's already done.
2024-12-10 13:20:31,383 __main__     INFO     IMP-2014 - Skipping, as it's already done.
2024-12-10 13:20:31,383 __main__     INFO     IMP-1939 - Skipping, as it's already done.
2024-12-10 13:20:31,383 __main__     INFO     IMP-1936 - Skipping, as it's already done.
2024-12-10 13:20:31,383 __main__     INFO     IMP-1890 - Skipping, as it's already done.
2024-12-10 13:20:31,384 __main__     INFO     IMP-1950 - Skipping, as it's already done.
2024-12-10 13:20:31,384 __main__     INFO     IMP-1942 - Skipping, as it's already done.
2024-12-10 13:20:31,384 __main__     INFO     IMP-1969 - Skipping, as it's already done.
2024-12-10 13:20:31,384 __main__     INFO     IMP-2009 - Skipping, as it's already done.
2024-12-10 13:20:31,384 __main__     INFO     IMP-1999 - Skipping, as it's already done.
2024-12-10 13:20:31,384 __main__     INFO     IMP-1903 - Skipping, as it's already done.
2024-12-10 13:20:31,384 __main__     INFO     IMP-1943 - Skipping, as it's already done.
2024-12-10 13:20:31,384 __main__     INFO     IMP-2004 - Skipping, as it's already done.
2024-12-10 13:20:31,384 __main__     INFO     IMP-1965 - Skipping, as it's already done.
2024-12-10 13:20:31,384 __main__     INFO     IMP-1914 - Skipping, as it's already done.
2024-12-10 13:20:31,384 __main__     INFO     IMP-2001 - Skipping, as it's already done.
2024-12-10 13:20:31,384 __main__     INFO     IMP-1881 - Skipping, as it's already done.
2024-12-10 13:20:31,384 __main__     INFO     IMP-1907 - Skipping, as it's already done.
2024-12-10 13:20:31,384 __main__     INFO     IMP-1901 - Skipping, as it's already done.
2024-12-10 13:20:31,384 __main__     INFO     IMP-1889 - Skipping, as it's already done.
2024-12-10 13:20:31,385 __main__     INFO     IMP-1978 - Skipping, as it's already done.
2024-12-10 13:20:31,385 __main__     INFO     IMP-1973 - Skipping, as it's already done.
2024-12-10 13:20:31,385 __main__     INFO     IMP-1994 - Skipping, as it's already done.
2024-12-10 13:20:31,385 __main__     INFO     IMP-1884 - Skipping, as it's already done.
2024-12-10 13:20:31,385 __main__     INFO     IMP-1924 - Skipping, as it's already done.
2024-12-10 13:20:31,385 __main__     INFO     IMP-1915 - Skipping, as it's already done.
2024-12-10 13:20:31,385 __main__     INFO     IMP-1917 - Skipping, as it's already done.
2024-12-10 13:20:31,385 __main__     INFO     IMP-2007 - Skipping, as it's already done.
2024-12-10 13:20:31,385 __main__     INFO     IMP-1976 - Skipping, as it's already done.
2024-12-10 13:20:31,386 __main__     INFO     IMP-2010 - Skipping, as it's already done.
2024-12-10 13:20:31,386 __main__     INFO     IMP-1883 - Skipping, as it's already done.
2024-12-10 13:20:31,391 __main__     INFO     IMP-1893 - Skipping, as it's already done.
2024-12-10 13:20:31,396 __main__     INFO     IMP-1961 - Skipping, as it's already done.
2024-12-10 13:20:31,401 __main__     INFO     IMP-1891 - Skipping, as it's already done.
2024-12-10 13:20:31,406 __main__     INFO     IMP-1898 - Skipping, as it's already done.
2024-12-10 13:20:31,413 __main__     INFO     IMP-2008 - Skipping, as it's already done.
2024-12-10 13:20:31,418 __main__     INFO     IMP-1998 - Skipping, as it's already done.
2024-12-10 13:20:31,429 __main__     INFO     IMP-1960 - Skipping, as it's already done.
2024-12-10 13:20:31,439 __main__     INFO     IMP-1984 - Skipping, as it's already done.
2024-12-10 13:20:31,449 __main__     INFO     IMP-1971 - Skipping, as it's already done.
2024-12-10 13:20:31,460 __main__     INFO     IMP-1983 - Skipping, as it's already done.
2024-12-10 13:20:31,463 __main__     INFO     IMP-1918 - Skipping, as it's already done.
2024-12-10 13:20:31,463 __main__     INFO     IMP-1905 - Skipping, as it's already done.
2024-12-10 13:20:31,463 __main__     INFO     IMP-2002 - Skipping, as it's already done.
2024-12-10 13:20:31,464 __main__     INFO     IMP-1959 - Skipping, as it's already done.
2024-12-10 13:20:31,464 __main__     INFO     IMP-1911 - Skipping, as it's already done.
2024-12-10 13:20:31,464 __main__     INFO     IMP-1922 - Skipping, as it's already done.
2024-12-10 13:20:31,464 __main__     INFO     IMP-1923 - Skipping, as it's already done.
2024-12-10 13:20:31,464 __main__     INFO     IMP-1913 - Skipping, as it's already done.
2024-12-10 13:20:31,465 __main__     INFO     IMP-1934 - Skipping, as it's already done.
2024-12-10 13:20:31,465 __main__     INFO     IMP-1882 - Skipping, as it's already done.
2024-12-10 13:20:31,466 __main__     INFO     IMP-1989 - Skipping, as it's already done.
2024-12-10 13:20:31,476 __main__     INFO     IMP-1945 - Skipping, as it's already done.
2024-12-10 13:20:31,477 __main__     INFO     IMP-1910 - Skipping, as it's already done.
2024-12-10 13:20:31,477 __main__     INFO     IMP-2003 - Skipping, as it's already done.
2024-12-10 13:20:31,478 __main__     INFO     IMP-1957 - Skipping, as it's already done.
2024-12-10 13:20:31,478 __main__     INFO     IMP-1958 - Skipping, as it's already done.
2024-12-10 13:20:31,479 __main__     INFO     IMP-2013 - Skipping, as it's already done.
2024-12-10 13:20:31,479 __main__     INFO     IMP-1970 - Skipping, as it's already done.
2024-12-10 13:20:31,480 __main__     INFO     IMP-1888 - Skipping, as it's already done.
2024-12-10 13:20:31,480 __main__     INFO     IMP-1991 - Skipping, as it's already done.
2024-12-10 13:20:31,481 __main__     INFO     IMP-2011 - Skipping, as it's already done.
2024-12-10 13:20:31,481 __main__     INFO     IMP-1993 - Skipping, as it's already done.
2024-12-10 13:20:31,481 __main__     INFO     IMP-1899 - Skipping, as it's already done.
2024-12-10 13:20:31,482 __main__     INFO     IMP-1975 - Skipping, as it's already done.
2024-12-10 13:20:31,482 __main__     INFO     IMP-1927 - Skipping, as it's already done.
2024-12-10 13:20:31,482 __main__     INFO     IMP-1912 - Skipping, as it's already done.
2024-12-10 13:20:31,483 __main__     INFO     IMP-1966 - Skipping, as it's already done.
2024-12-10 13:20:31,483 __main__     INFO     IMP-2012 - Skipping, as it's already done.
2024-12-10 13:20:31,483 __main__     INFO     IMP-1900 - Skipping, as it's already done.
2024-12-10 13:20:31,483 __main__     INFO     IMP-1919 - Skipping, as it's already done.
2024-12-10 13:20:31,483 __main__     INFO     IMP-1962 - Skipping, as it's already done.
2024-12-10 13:20:31,484 __main__     INFO     IMP-1935 - Skipping, as it's already done.
2024-12-10 13:20:31,484 __main__     INFO     IMP-1968 - Skipping, as it's already done.
2024-12-10 13:20:31,484 __main__     INFO     IMP-1887 - Skipping, as it's already done.
2024-12-10 13:20:31,484 __main__     INFO     IMP-1995 - Skipping, as it's already done.
2024-12-10 13:20:31,484 __main__     INFO     IMP-1885 - Skipping, as it's already done.
2024-12-10 13:20:31,484 __main__     INFO     IMP-1948 - Skipping, as it's already done.
2024-12-10 13:20:31,484 __main__     INFO     IMP-1946 - Skipping, as it's already done.
2024-12-10 13:20:31,485 __main__     INFO     IMP-1937 - Skipping, as it's already done.
2024-12-10 13:20:31,485 __main__     INFO     IMP-1908 - Skipping, as it's already done.
2024-12-10 13:20:31,485 __main__     INFO     IMP-1967 - Skipping, as it's already done.
2024-12-10 13:20:31,485 __main__     INFO     IMP-1947 - Skipping, as it's already done.
2024-12-10 13:20:31,485 __main__     INFO     IMP-1996 - Skipping, as it's already done.
2024-12-10 13:20:31,485 __main__     INFO     IMP-1944 - Skipping, as it's already done.
2024-12-10 13:20:31,486 __main__     INFO     IMP-1986 - Skipping, as it's already done.
2024-12-10 13:20:31,486 __main__     INFO     IMP-1892 - Skipping, as it's already done.
2024-12-10 13:20:31,486 __main__     INFO     IMP-2017 - Skipping, as it's already done.
2024-12-10 13:20:31,486 __main__     INFO     IMP-1916 - Skipping, as it's already done.
2024-12-10 13:20:31,486 __main__     INFO     IMP-2005 - Skipping, as it's already done.
2024-12-10 13:20:31,486 __main__     INFO     IMP-1928 - Skipping, as it's already done.
2024-12-10 13:20:31,486 __main__     INFO     IMP-1896 - Skipping, as it's already done.
2024-12-10 13:20:31,487 __main__     INFO     IMP-2015 - Skipping, as it's already done.
2024-12-10 13:20:31,487 __main__     INFO     IMP-1974 - Skipping, as it's already done.
2024-12-10 13:20:31,487 __main__     INFO     IMP-1980 - Skipping, as it's already done.
2024-12-10 13:20:31,487 __main__     INFO     IMP-1886 - Skipping, as it's already done.
2024-12-10 13:20:31,487 __main__     INFO     IMP-1929 - Skipping, as it's already done.
2024-12-10 13:20:31,487 __main__     INFO     IMP-1926 - Skipping, as it's already done.
2024-12-10 13:20:31,487 __main__     INFO     IMP-1894 - Skipping, as it's already done.
2024-12-10 13:20:31,487 __main__     INFO     IMP-2016 - Skipping, as it's already done.
2024-12-10 13:20:31,488 __main__     INFO     IMP-2018 - Skipping, as it's already done.
2024-12-10 13:20:31,488 __main__     INFO     IMP-1992 - Skipping, as it's already done.
2024-12-10 13:20:31,488 __main__     INFO     IMP-2006 - Skipping, as it's already done.
2024-12-10 13:20:31,488 __main__     INFO     IMP-1987 - Skipping, as it's already done.
2024-12-10 13:20:31,488 __main__     INFO     IMP-1930 - Skipping, as it's already done.
2024-12-10 13:20:31,488 __main__     INFO     IMP-1956 - Skipping, as it's already done.
2024-12-10 13:20:31,489 __main__     INFO     IMP-1902 - Skipping, as it's already done.
2024-12-10 13:20:31,489 __main__     INFO     IMP-1981 - Skipping, as it's already done.
2024-12-10 13:20:31,489 __main__     INFO     IMP-1932 - Skipping, as it's already done.
2024-12-10 13:20:31,489 __main__     INFO     IMP-1990 - Skipping, as it's already done.
2024-12-10 13:20:31,489 __main__     INFO     IMP-1909 - Skipping, as it's already done.
2024-12-10 13:20:31,489 __main__     INFO     IMP-1951 - Skipping, as it's already done.
2024-12-10 13:20:31,489 __main__     INFO     IMP-2000 - Skipping, as it's already done.
2024-12-10 13:20:31,490 __main__     INFO     IMP-1977 - Skipping, as it's already done.
2024-12-10 13:20:31,490 __main__     INFO     IMP-1940 - Skipping, as it's already done.
2024-12-10 13:20:31,490 __main__     INFO     IMP-1982 - Skipping, as it's already done.
2024-12-10 13:20:31,490 __main__     INFO     IMP-1933 - Skipping, as it's already done.
2024-12-10 13:20:31,490 __main__     INFO     IMP-1906 - Skipping, as it's already done.
2024-12-10 13:20:31,490 __main__     INFO     IMP-1963 - Skipping, as it's already done.
2024-12-10 13:20:31,491 __main__     INFO     IMP-1979 - Skipping, as it's already done.
2024-12-10 13:20:31,491 __main__     INFO     IMP-1925 - Skipping, as it's already done.
2024-12-10 13:20:31,491 __main__     INFO     IMP - Finished writing all passages to files, going to next title.
2024-12-10 13:20:31,491 __main__     INFO     
---- Filtering passages for JDF (7/20) ----
2024-12-10 13:24:18,142 __main__     INFO     JDF-1832 - Skipping, as it's already done.
2024-12-10 13:24:18,147 __main__     INFO     JDF-1833 - Skipping, as it's already done.
2024-12-10 13:24:18,157 __main__     INFO     JDF-1830 - Skipping, as it's already done.
2024-12-10 13:24:18,168 __main__     INFO     JDF-1831 - Skipping, as it's already done.
2024-12-10 13:24:18,178 __main__     INFO     JDF - Finished writing all passages to files, going to next title.
2024-12-10 13:24:18,199 __main__     INFO     
---- Filtering passages for JDV (8/20) ----
2024-12-10 13:27:03,964 __main__     WARNING  Exception occurred, closing the client: 
