2024-12-13 08:56:26,748 __main__     INFO     Logger successfully initialised
2024-12-13 08:56:26,749 __main__     INFO     Provided parameters: {'--input-partition': None,
 '--log-file': '/home/piconti/impresso-passim/logs/passages_by_title_year_6.log',
 '--n-workers': None,
 '--output-partition': None,
 '--resume-title': None,
 '--s3-bucket': None,
 '--verbose': False}
2024-12-13 08:56:28,973 __main__     INFO     Dask Client: <Client: 'tcp://127.0.0.1:37575' processes=8 threads=8, memory=238.42 GiB> and cluster: LocalCluster(0b868feb, 'tcp://127.0.0.1:37575', workers=8, threads=8, memory=238.42 GiB)
2024-12-13 08:56:28,974 __main__     INFO     s3_input_path: s3://41-processed-data-staging/text-reuse/text-reuse_v1-0-0/passim_output_run_2/tr_passages/*.jsonl.bz2, s3_output_partition: s3://41-processed-data-staging/textreuse/textreuse_passim_v1-0-0/results/tr_passages
2024-12-13 08:56:28,974 __main__     INFO     Starting to load the data from S3.
2024-12-13 08:56:35,480 __main__     INFO     
------------ SNL-RERO ------------

2024-12-13 08:56:35,481 __main__     INFO     BDC - Skipping, as it's already done.
2024-12-13 08:56:35,481 __main__     INFO     CDV - Skipping, as it's already done.
2024-12-13 08:56:35,482 __main__     INFO     DLE - Skipping, as it's already done.
2024-12-13 08:56:35,482 __main__     INFO     EDA - Skipping, as it's already done.
2024-12-13 08:56:35,482 __main__     INFO     EXP - Skipping, as it's already done.
2024-12-13 08:56:35,482 __main__     INFO     IMP - Skipping, as it's already done.
2024-12-13 08:56:35,482 __main__     INFO     JDF - Skipping, as it's already done.
2024-12-13 08:56:35,482 __main__     INFO     JDV - Skipping, as it's already done.
2024-12-13 08:56:35,482 __main__     INFO     LBP - Skipping, as it's already done.
2024-12-13 08:56:35,482 __main__     INFO     LCE - Skipping, as it's already done.
2024-12-13 08:56:35,482 __main__     INFO     LCG - Skipping, as it's already done.
2024-12-13 08:56:35,482 __main__     INFO     LCR - Skipping, as it's already done.
2024-12-13 08:56:35,482 __main__     INFO     LCS - Skipping, as it's already done.
2024-12-13 08:56:35,482 __main__     INFO     LES - Skipping, as it's already done.
2024-12-13 08:56:35,482 __main__     INFO     LNF - Skipping, as it's already done.
2024-12-13 08:56:35,483 __main__     INFO     LSE - Skipping, as it's already done.
2024-12-13 08:56:35,483 __main__     INFO     LSR - Skipping, as it's already done.
2024-12-13 08:56:35,483 __main__     INFO     LTF - Skipping, as it's already done.
2024-12-13 08:56:35,483 __main__     INFO     LVE - Skipping, as it's already done.
2024-12-13 08:56:35,483 __main__     INFO     
---- Filtering passages for EVT (20/20) ----
2024-12-13 09:08:24,922 __main__     INFO     EVT - Finished writing all passages to files, going to next title.
2024-12-13 09:08:24,922 __main__     INFO     
------------ LeTemps ------------

2024-12-13 09:08:24,923 __main__     INFO     
---- Filtering passages for JDG (1/2) ----
2024-12-13 09:30:25,486 __main__     INFO     JDG-1988, writing all passages to s3_path: ['s3://41-processed-data-staging/textreuse/textreuse_passim_v1-0-0/results/tr_passages/JDG/tr_passages-JDG-1988.jsonl.bz2']
2024-12-13 09:30:53,042 __main__     INFO     JDG-1972, writing all passages to s3_path: ['s3://41-processed-data-staging/textreuse/textreuse_passim_v1-0-0/results/tr_passages/JDG/tr_passages-JDG-1972.jsonl.bz2']
2024-12-13 09:31:09,663 __main__     INFO     JDG-1828, writing all passages to s3_path: ['s3://41-processed-data-staging/textreuse/textreuse_passim_v1-0-0/results/tr_passages/JDG/tr_passages-JDG-1828.jsonl.bz2']
2024-12-13 09:31:30,876 __main__     INFO     JDG-1860, writing all passages to s3_path: ['s3://41-processed-data-staging/textreuse/textreuse_passim_v1-0-0/results/tr_passages/JDG/tr_passages-JDG-1860.jsonl.bz2']
2024-12-13 09:31:40,243 __main__     INFO     JDG-1895, writing all passages to s3_path: ['s3://41-processed-data-staging/textreuse/textreuse_passim_v1-0-0/results/tr_passages/JDG/tr_passages-JDG-1895.jsonl.bz2']
2024-12-13 09:31:56,021 __main__     INFO     JDG-1920, writing all passages to s3_path: ['s3://41-processed-data-staging/textreuse/textreuse_passim_v1-0-0/results/tr_passages/JDG/tr_passages-JDG-1920.jsonl.bz2']
2024-12-13 09:32:12,008 __main__     INFO     JDG-1897, writing all passages to s3_path: ['s3://41-processed-data-staging/textreuse/textreuse_passim_v1-0-0/results/tr_passages/JDG/tr_passages-JDG-1897.jsonl.bz2']
2024-12-13 09:32:27,452 __main__     INFO     JDG-1847, writing all passages to s3_path: ['s3://41-processed-data-staging/textreuse/textreuse_passim_v1-0-0/results/tr_passages/JDG/tr_passages-JDG-1847.jsonl.bz2']
2024-12-13 09:32:40,660 __main__     INFO     JDG-1931, writing all passages to s3_path: ['s3://41-processed-data-staging/textreuse/textreuse_passim_v1-0-0/results/tr_passages/JDG/tr_passages-JDG-1931.jsonl.bz2']
2024-12-13 09:33:04,642 __main__     INFO     JDG-1865, writing all passages to s3_path: ['s3://41-processed-data-staging/textreuse/textreuse_passim_v1-0-0/results/tr_passages/JDG/tr_passages-JDG-1865.jsonl.bz2']
2024-12-13 09:33:20,142 __main__     INFO     JDG-1845, writing all passages to s3_path: ['s3://41-processed-data-staging/textreuse/textreuse_passim_v1-0-0/results/tr_passages/JDG/tr_passages-JDG-1845.jsonl.bz2']
2024-12-13 09:33:28,910 __main__     INFO     JDG-1858, writing all passages to s3_path: ['s3://41-processed-data-staging/textreuse/textreuse_passim_v1-0-0/results/tr_passages/JDG/tr_passages-JDG-1858.jsonl.bz2']
2024-12-13 09:33:43,197 __main__     INFO     JDG-1921, writing all passages to s3_path: ['s3://41-processed-data-staging/textreuse/textreuse_passim_v1-0-0/results/tr_passages/JDG/tr_passages-JDG-1921.jsonl.bz2']
2024-12-13 09:33:59,530 __main__     INFO     JDG-1954, writing all passages to s3_path: ['s3://41-processed-data-staging/textreuse/textreuse_passim_v1-0-0/results/tr_passages/JDG/tr_passages-JDG-1954.jsonl.bz2']
2024-12-13 09:34:29,942 __main__     INFO     JDG-1839, writing all passages to s3_path: ['s3://41-processed-data-staging/textreuse/textreuse_passim_v1-0-0/results/tr_passages/JDG/tr_passages-JDG-1839.jsonl.bz2']
2024-12-13 09:34:43,381 __main__     INFO     JDG-1938, writing all passages to s3_path: ['s3://41-processed-data-staging/textreuse/textreuse_passim_v1-0-0/results/tr_passages/JDG/tr_passages-JDG-1938.jsonl.bz2']
2024-12-13 09:34:59,988 __main__     INFO     JDG-1949, writing all passages to s3_path: ['s3://41-processed-data-staging/textreuse/textreuse_passim_v1-0-0/results/tr_passages/JDG/tr_passages-JDG-1949.jsonl.bz2']
2024-12-13 09:35:15,362 __main__     INFO     JDG-1985, writing all passages to s3_path: ['s3://41-processed-data-staging/textreuse/textreuse_passim_v1-0-0/results/tr_passages/JDG/tr_passages-JDG-1985.jsonl.bz2']
2024-12-13 09:35:40,295 __main__     INFO     JDG-1953, writing all passages to s3_path: ['s3://41-processed-data-staging/textreuse/textreuse_passim_v1-0-0/results/tr_passages/JDG/tr_passages-JDG-1953.jsonl.bz2']
2024-12-13 09:35:58,066 __main__     INFO     JDG-1955, writing all passages to s3_path: ['s3://41-processed-data-staging/textreuse/textreuse_passim_v1-0-0/results/tr_passages/JDG/tr_passages-JDG-1955.jsonl.bz2']
2024-12-13 09:36:26,494 __main__     INFO     JDG-1941, writing all passages to s3_path: ['s3://41-processed-data-staging/textreuse/textreuse_passim_v1-0-0/results/tr_passages/JDG/tr_passages-JDG-1941.jsonl.bz2']
2024-12-13 09:36:42,554 __main__     INFO     JDG-1997, writing all passages to s3_path: ['s3://41-processed-data-staging/textreuse/textreuse_passim_v1-0-0/results/tr_passages/JDG/tr_passages-JDG-1997.jsonl.bz2']
2024-12-13 09:37:23,036 __main__     INFO     JDG-1904, writing all passages to s3_path: ['s3://41-processed-data-staging/textreuse/textreuse_passim_v1-0-0/results/tr_passages/JDG/tr_passages-JDG-1904.jsonl.bz2']
2024-12-13 09:37:39,506 __main__     INFO     JDG-1879, writing all passages to s3_path: ['s3://41-processed-data-staging/textreuse/textreuse_passim_v1-0-0/results/tr_passages/JDG/tr_passages-JDG-1879.jsonl.bz2']
2024-12-13 09:37:54,490 __main__     INFO     JDG-1854, writing all passages to s3_path: ['s3://41-processed-data-staging/textreuse/textreuse_passim_v1-0-0/results/tr_passages/JDG/tr_passages-JDG-1854.jsonl.bz2']
2024-12-13 09:38:08,287 __main__     INFO     JDG-1952, writing all passages to s3_path: ['s3://41-processed-data-staging/textreuse/textreuse_passim_v1-0-0/results/tr_passages/JDG/tr_passages-JDG-1952.jsonl.bz2']
2024-12-13 09:38:32,191 __main__     INFO     JDG-1866, writing all passages to s3_path: ['s3://41-processed-data-staging/textreuse/textreuse_passim_v1-0-0/results/tr_passages/JDG/tr_passages-JDG-1866.jsonl.bz2']
2024-12-13 09:38:46,663 __main__     INFO     JDG-1840, writing all passages to s3_path: ['s3://41-processed-data-staging/textreuse/textreuse_passim_v1-0-0/results/tr_passages/JDG/tr_passages-JDG-1840.jsonl.bz2']
2024-12-13 09:38:55,630 __main__     INFO     JDG-1939, writing all passages to s3_path: ['s3://41-processed-data-staging/textreuse/textreuse_passim_v1-0-0/results/tr_passages/JDG/tr_passages-JDG-1939.jsonl.bz2']
2024-12-13 09:39:12,319 __main__     INFO     JDG-1936, writing all passages to s3_path: ['s3://41-processed-data-staging/textreuse/textreuse_passim_v1-0-0/results/tr_passages/JDG/tr_passages-JDG-1936.jsonl.bz2']
2024-12-13 09:39:28,727 __main__     INFO     JDG-1890, writing all passages to s3_path: ['s3://41-processed-data-staging/textreuse/textreuse_passim_v1-0-0/results/tr_passages/JDG/tr_passages-JDG-1890.jsonl.bz2']
2024-12-13 09:39:52,385 __main__     INFO     JDG-1950, writing all passages to s3_path: ['s3://41-processed-data-staging/textreuse/textreuse_passim_v1-0-0/results/tr_passages/JDG/tr_passages-JDG-1950.jsonl.bz2']
2024-12-13 09:40:08,711 __main__     INFO     JDG-1869, writing all passages to s3_path: ['s3://41-processed-data-staging/textreuse/textreuse_passim_v1-0-0/results/tr_passages/JDG/tr_passages-JDG-1869.jsonl.bz2']
2024-12-13 09:40:23,209 __main__     INFO     JDG-1836, writing all passages to s3_path: ['s3://41-processed-data-staging/textreuse/textreuse_passim_v1-0-0/results/tr_passages/JDG/tr_passages-JDG-1836.jsonl.bz2']
2024-12-13 09:40:36,892 __main__     INFO     JDG-1846, writing all passages to s3_path: ['s3://41-processed-data-staging/textreuse/textreuse_passim_v1-0-0/results/tr_passages/JDG/tr_passages-JDG-1846.jsonl.bz2']
2024-12-13 09:40:48,028 __main__     INFO     JDG-1861, writing all passages to s3_path: ['s3://41-processed-data-staging/textreuse/textreuse_passim_v1-0-0/results/tr_passages/JDG/tr_passages-JDG-1861.jsonl.bz2']
2024-12-13 09:41:01,963 __main__     INFO     JDG-1857, writing all passages to s3_path: ['s3://41-processed-data-staging/textreuse/textreuse_passim_v1-0-0/results/tr_passages/JDG/tr_passages-JDG-1857.jsonl.bz2']
2024-12-13 09:41:16,380 __main__     INFO     JDG-1942, writing all passages to s3_path: ['s3://41-processed-data-staging/textreuse/textreuse_passim_v1-0-0/results/tr_passages/JDG/tr_passages-JDG-1942.jsonl.bz2']
2024-12-13 09:41:32,848 __main__     INFO     JDG-1969, writing all passages to s3_path: ['s3://41-processed-data-staging/textreuse/textreuse_passim_v1-0-0/results/tr_passages/JDG/tr_passages-JDG-1969.jsonl.bz2']
2024-12-13 09:41:51,804 __main__     INFO     JDG-1877, writing all passages to s3_path: ['s3://41-processed-data-staging/textreuse/textreuse_passim_v1-0-0/results/tr_passages/JDG/tr_passages-JDG-1877.jsonl.bz2']
2024-12-13 09:42:09,067 __main__     INFO     JDG-1872, writing all passages to s3_path: ['s3://41-processed-data-staging/textreuse/textreuse_passim_v1-0-0/results/tr_passages/JDG/tr_passages-JDG-1872.jsonl.bz2']
2024-12-13 09:42:24,057 __main__     INFO     JDG-1868, writing all passages to s3_path: ['s3://41-processed-data-staging/textreuse/textreuse_passim_v1-0-0/results/tr_passages/JDG/tr_passages-JDG-1868.jsonl.bz2']
2024-12-13 09:42:39,110 __main__     INFO     JDG-1903, writing all passages to s3_path: ['s3://41-processed-data-staging/textreuse/textreuse_passim_v1-0-0/results/tr_passages/JDG/tr_passages-JDG-1903.jsonl.bz2']
2024-12-13 09:42:51,483 __main__     INFO     JDG-1943, writing all passages to s3_path: ['s3://41-processed-data-staging/textreuse/textreuse_passim_v1-0-0/results/tr_passages/JDG/tr_passages-JDG-1943.jsonl.bz2']
2024-12-13 09:43:23,255 __main__     INFO     JDG-1832, writing all passages to s3_path: ['s3://41-processed-data-staging/textreuse/textreuse_passim_v1-0-0/results/tr_passages/JDG/tr_passages-JDG-1832.jsonl.bz2']
2024-12-13 09:43:37,086 __main__     INFO     JDG-1965, writing all passages to s3_path: ['s3://41-processed-data-staging/textreuse/textreuse_passim_v1-0-0/results/tr_passages/JDG/tr_passages-JDG-1965.jsonl.bz2']
2024-12-13 09:43:54,714 __main__     INFO     JDG-1914, writing all passages to s3_path: ['s3://41-processed-data-staging/textreuse/textreuse_passim_v1-0-0/results/tr_passages/JDG/tr_passages-JDG-1914.jsonl.bz2']
2024-12-13 09:44:30,958 __main__     INFO     JDG-1863, writing all passages to s3_path: ['s3://41-processed-data-staging/textreuse/textreuse_passim_v1-0-0/results/tr_passages/JDG/tr_passages-JDG-1863.jsonl.bz2']
2024-12-13 09:44:59,896 __main__     INFO     JDG-1881, writing all passages to s3_path: ['s3://41-processed-data-staging/textreuse/textreuse_passim_v1-0-0/results/tr_passages/JDG/tr_passages-JDG-1881.jsonl.bz2']
2024-12-13 09:45:15,332 __main__     INFO     JDG-1907, writing all passages to s3_path: ['s3://41-processed-data-staging/textreuse/textreuse_passim_v1-0-0/results/tr_passages/JDG/tr_passages-JDG-1907.jsonl.bz2']
2024-12-13 09:45:32,251 __main__     INFO     JDG-1901, writing all passages to s3_path: ['s3://41-processed-data-staging/textreuse/textreuse_passim_v1-0-0/results/tr_passages/JDG/tr_passages-JDG-1901.jsonl.bz2']
2024-12-13 09:45:44,728 __main__     INFO     JDG-1889, writing all passages to s3_path: ['s3://41-processed-data-staging/textreuse/textreuse_passim_v1-0-0/results/tr_passages/JDG/tr_passages-JDG-1889.jsonl.bz2']
2024-12-13 09:46:08,002 __main__     INFO     JDG-1878, writing all passages to s3_path: ['s3://41-processed-data-staging/textreuse/textreuse_passim_v1-0-0/results/tr_passages/JDG/tr_passages-JDG-1878.jsonl.bz2']
2024-12-13 09:46:22,888 __main__     INFO     JDG-1978, writing all passages to s3_path: ['s3://41-processed-data-staging/textreuse/textreuse_passim_v1-0-0/results/tr_passages/JDG/tr_passages-JDG-1978.jsonl.bz2']
2024-12-13 09:46:46,617 __main__     INFO     JDG-1973, writing all passages to s3_path: ['s3://41-processed-data-staging/textreuse/textreuse_passim_v1-0-0/results/tr_passages/JDG/tr_passages-JDG-1973.jsonl.bz2']
2024-12-13 09:47:13,153 __main__     INFO     JDG-1994, writing all passages to s3_path: ['s3://41-processed-data-staging/textreuse/textreuse_passim_v1-0-0/results/tr_passages/JDG/tr_passages-JDG-1994.jsonl.bz2']
2024-12-13 09:47:39,976 __main__     INFO     JDG-1884, writing all passages to s3_path: ['s3://41-processed-data-staging/textreuse/textreuse_passim_v1-0-0/results/tr_passages/JDG/tr_passages-JDG-1884.jsonl.bz2']
2024-12-13 09:47:56,362 __main__     INFO     JDG-1924, writing all passages to s3_path: ['s3://41-processed-data-staging/textreuse/textreuse_passim_v1-0-0/results/tr_passages/JDG/tr_passages-JDG-1924.jsonl.bz2']
2024-12-13 09:48:09,176 __main__     INFO     JDG-1915, writing all passages to s3_path: ['s3://41-processed-data-staging/textreuse/textreuse_passim_v1-0-0/results/tr_passages/JDG/tr_passages-JDG-1915.jsonl.bz2']
2024-12-13 09:48:26,765 __main__     INFO     JDG-1976, writing all passages to s3_path: ['s3://41-processed-data-staging/textreuse/textreuse_passim_v1-0-0/results/tr_passages/JDG/tr_passages-JDG-1976.jsonl.bz2']
2024-12-13 09:48:47,797 __main__     INFO     JDG-1833, writing all passages to s3_path: ['s3://41-processed-data-staging/textreuse/textreuse_passim_v1-0-0/results/tr_passages/JDG/tr_passages-JDG-1833.jsonl.bz2']
2024-12-13 09:49:01,556 __main__     INFO     JDG-1883, writing all passages to s3_path: ['s3://41-processed-data-staging/textreuse/textreuse_passim_v1-0-0/results/tr_passages/JDG/tr_passages-JDG-1883.jsonl.bz2']
2024-12-13 09:49:18,402 __main__     INFO     JDG-1893, writing all passages to s3_path: ['s3://41-processed-data-staging/textreuse/textreuse_passim_v1-0-0/results/tr_passages/JDG/tr_passages-JDG-1893.jsonl.bz2']
2024-12-13 09:49:34,303 __main__     INFO     JDG-1961, writing all passages to s3_path: ['s3://41-processed-data-staging/textreuse/textreuse_passim_v1-0-0/results/tr_passages/JDG/tr_passages-JDG-1961.jsonl.bz2']
2024-12-13 09:49:52,399 __main__     INFO     JDG-1850, writing all passages to s3_path: ['s3://41-processed-data-staging/textreuse/textreuse_passim_v1-0-0/results/tr_passages/JDG/tr_passages-JDG-1850.jsonl.bz2']
2024-12-13 09:50:06,383 __main__     INFO     JDG-1891, writing all passages to s3_path: ['s3://41-processed-data-staging/textreuse/textreuse_passim_v1-0-0/results/tr_passages/JDG/tr_passages-JDG-1891.jsonl.bz2']
2024-12-13 09:50:33,075 __main__     INFO     JDG-1898, writing all passages to s3_path: ['s3://41-processed-data-staging/textreuse/textreuse_passim_v1-0-0/results/tr_passages/JDG/tr_passages-JDG-1898.jsonl.bz2']
2024-12-13 09:50:49,366 __main__     INFO     JDG-1998, writing all passages to s3_path: ['s3://41-processed-data-staging/textreuse/textreuse_passim_v1-0-0/results/tr_passages/JDG/tr_passages-JDG-1998.jsonl.bz2']
2024-12-13 09:51:19,615 __main__     INFO     JDG-1873, writing all passages to s3_path: ['s3://41-processed-data-staging/textreuse/textreuse_passim_v1-0-0/results/tr_passages/JDG/tr_passages-JDG-1873.jsonl.bz2']
2024-12-13 09:51:34,810 __main__     INFO     JDG-1960, writing all passages to s3_path: ['s3://41-processed-data-staging/textreuse/textreuse_passim_v1-0-0/results/tr_passages/JDG/tr_passages-JDG-1960.jsonl.bz2']
2024-12-13 09:51:51,937 __main__     INFO     JDG-1984, writing all passages to s3_path: ['s3://41-processed-data-staging/textreuse/textreuse_passim_v1-0-0/results/tr_passages/JDG/tr_passages-JDG-1984.jsonl.bz2']
2024-12-13 09:52:16,028 __main__     INFO     JDG-1853, writing all passages to s3_path: ['s3://41-processed-data-staging/textreuse/textreuse_passim_v1-0-0/results/tr_passages/JDG/tr_passages-JDG-1853.jsonl.bz2']
2024-12-13 09:52:29,470 __main__     INFO     JDG-1971, writing all passages to s3_path: ['s3://41-processed-data-staging/textreuse/textreuse_passim_v1-0-0/results/tr_passages/JDG/tr_passages-JDG-1971.jsonl.bz2']
2024-12-13 09:52:48,478 __main__     INFO     JDG-1983, writing all passages to s3_path: ['s3://41-processed-data-staging/textreuse/textreuse_passim_v1-0-0/results/tr_passages/JDG/tr_passages-JDG-1983.jsonl.bz2']
2024-12-13 09:53:06,881 __main__     INFO     JDG-1829, writing all passages to s3_path: ['s3://41-processed-data-staging/textreuse/textreuse_passim_v1-0-0/results/tr_passages/JDG/tr_passages-JDG-1829.jsonl.bz2']
2024-12-13 09:53:20,459 __main__     INFO     JDG-1876, writing all passages to s3_path: ['s3://41-processed-data-staging/textreuse/textreuse_passim_v1-0-0/results/tr_passages/JDG/tr_passages-JDG-1876.jsonl.bz2']
2024-12-13 09:53:34,932 __main__     INFO     JDG-1905, writing all passages to s3_path: ['s3://41-processed-data-staging/textreuse/textreuse_passim_v1-0-0/results/tr_passages/JDG/tr_passages-JDG-1905.jsonl.bz2']
2024-12-13 09:54:06,250 __main__     INFO     JDG-1959, writing all passages to s3_path: ['s3://41-processed-data-staging/textreuse/textreuse_passim_v1-0-0/results/tr_passages/JDG/tr_passages-JDG-1959.jsonl.bz2']
2024-12-13 09:54:24,739 __main__     INFO     JDG-1911, writing all passages to s3_path: ['s3://41-processed-data-staging/textreuse/textreuse_passim_v1-0-0/results/tr_passages/JDG/tr_passages-JDG-1911.jsonl.bz2']
2024-12-13 09:54:41,094 __main__     INFO     JDG-1922, writing all passages to s3_path: ['s3://41-processed-data-staging/textreuse/textreuse_passim_v1-0-0/results/tr_passages/JDG/tr_passages-JDG-1922.jsonl.bz2']
2024-12-13 09:55:05,501 __main__     INFO     JDG-1923, writing all passages to s3_path: ['s3://41-processed-data-staging/textreuse/textreuse_passim_v1-0-0/results/tr_passages/JDG/tr_passages-JDG-1923.jsonl.bz2']
2024-12-13 09:55:23,774 __main__     INFO     JDG-1913, writing all passages to s3_path: ['s3://41-processed-data-staging/textreuse/textreuse_passim_v1-0-0/results/tr_passages/JDG/tr_passages-JDG-1913.jsonl.bz2']
2024-12-13 09:55:36,258 __main__     INFO     JDG-1934, writing all passages to s3_path: ['s3://41-processed-data-staging/textreuse/textreuse_passim_v1-0-0/results/tr_passages/JDG/tr_passages-JDG-1934.jsonl.bz2']
2024-12-13 09:55:53,092 __main__     INFO     JDG-1849, writing all passages to s3_path: ['s3://41-processed-data-staging/textreuse/textreuse_passim_v1-0-0/results/tr_passages/JDG/tr_passages-JDG-1849.jsonl.bz2']
2024-12-13 09:56:06,827 __main__     INFO     JDG-1882, writing all passages to s3_path: ['s3://41-processed-data-staging/textreuse/textreuse_passim_v1-0-0/results/tr_passages/JDG/tr_passages-JDG-1882.jsonl.bz2']
2024-12-13 09:56:22,145 __main__     INFO     JDG-1989, writing all passages to s3_path: ['s3://41-processed-data-staging/textreuse/textreuse_passim_v1-0-0/results/tr_passages/JDG/tr_passages-JDG-1989.jsonl.bz2']
2024-12-13 09:56:47,124 __main__     INFO     JDG-1945, writing all passages to s3_path: ['s3://41-processed-data-staging/textreuse/textreuse_passim_v1-0-0/results/tr_passages/JDG/tr_passages-JDG-1945.jsonl.bz2']
2024-12-13 09:57:02,915 __main__     INFO     JDG-1910, writing all passages to s3_path: ['s3://41-processed-data-staging/textreuse/textreuse_passim_v1-0-0/results/tr_passages/JDG/tr_passages-JDG-1910.jsonl.bz2']
2024-12-13 09:57:19,398 __main__     INFO     JDG-1957, writing all passages to s3_path: ['s3://41-processed-data-staging/textreuse/textreuse_passim_v1-0-0/results/tr_passages/JDG/tr_passages-JDG-1957.jsonl.bz2']
2024-12-13 09:57:49,998 __main__     INFO     JDG-1958, writing all passages to s3_path: ['s3://41-processed-data-staging/textreuse/textreuse_passim_v1-0-0/results/tr_passages/JDG/tr_passages-JDG-1958.jsonl.bz2']
2024-12-13 09:58:03,302 __main__     INFO     JDG-1970, writing all passages to s3_path: ['s3://41-processed-data-staging/textreuse/textreuse_passim_v1-0-0/results/tr_passages/JDG/tr_passages-JDG-1970.jsonl.bz2']
2024-12-13 09:58:17,266 __main__     INFO     JDG-1888, writing all passages to s3_path: ['s3://41-processed-data-staging/textreuse/textreuse_passim_v1-0-0/results/tr_passages/JDG/tr_passages-JDG-1888.jsonl.bz2']
2024-12-13 09:58:32,756 __main__     INFO     JDG-1867, writing all passages to s3_path: ['s3://41-processed-data-staging/textreuse/textreuse_passim_v1-0-0/results/tr_passages/JDG/tr_passages-JDG-1867.jsonl.bz2']
2024-12-13 09:58:47,546 __main__     INFO     JDG-1991, writing all passages to s3_path: ['s3://41-processed-data-staging/textreuse/textreuse_passim_v1-0-0/results/tr_passages/JDG/tr_passages-JDG-1991.jsonl.bz2']
2024-12-13 09:59:16,521 __main__     INFO     JDG-1993, writing all passages to s3_path: ['s3://41-processed-data-staging/textreuse/textreuse_passim_v1-0-0/results/tr_passages/JDG/tr_passages-JDG-1993.jsonl.bz2']
2024-12-13 09:59:44,582 __main__     INFO     JDG-1899, writing all passages to s3_path: ['s3://41-processed-data-staging/textreuse/textreuse_passim_v1-0-0/results/tr_passages/JDG/tr_passages-JDG-1899.jsonl.bz2']
2024-12-13 10:00:07,109 __main__     INFO     JDG-1975, writing all passages to s3_path: ['s3://41-processed-data-staging/textreuse/textreuse_passim_v1-0-0/results/tr_passages/JDG/tr_passages-JDG-1975.jsonl.bz2']
2024-12-13 10:00:29,628 __main__     INFO     JDG-1927, writing all passages to s3_path: ['s3://41-processed-data-staging/textreuse/textreuse_passim_v1-0-0/results/tr_passages/JDG/tr_passages-JDG-1927.jsonl.bz2']
2024-12-13 10:00:57,982 __main__     INFO     JDG-1912, writing all passages to s3_path: ['s3://41-processed-data-staging/textreuse/textreuse_passim_v1-0-0/results/tr_passages/JDG/tr_passages-JDG-1912.jsonl.bz2']
2024-12-13 10:01:10,656 __main__     INFO     JDG-1966, writing all passages to s3_path: ['s3://41-processed-data-staging/textreuse/textreuse_passim_v1-0-0/results/tr_passages/JDG/tr_passages-JDG-1966.jsonl.bz2']
2024-12-13 10:01:29,071 __main__     INFO     JDG-1880, writing all passages to s3_path: ['s3://41-processed-data-staging/textreuse/textreuse_passim_v1-0-0/results/tr_passages/JDG/tr_passages-JDG-1880.jsonl.bz2']
2024-12-13 10:01:44,284 __main__     INFO     JDG-1900, writing all passages to s3_path: ['s3://41-processed-data-staging/textreuse/textreuse_passim_v1-0-0/results/tr_passages/JDG/tr_passages-JDG-1900.jsonl.bz2']
2024-12-13 10:02:01,502 __main__     INFO     JDG-1962, writing all passages to s3_path: ['s3://41-processed-data-staging/textreuse/textreuse_passim_v1-0-0/results/tr_passages/JDG/tr_passages-JDG-1962.jsonl.bz2']
2024-12-13 10:02:27,374 __main__     INFO     JDG-1935, writing all passages to s3_path: ['s3://41-processed-data-staging/textreuse/textreuse_passim_v1-0-0/results/tr_passages/JDG/tr_passages-JDG-1935.jsonl.bz2']
2024-12-13 10:02:45,401 __main__     INFO     JDG-1830, writing all passages to s3_path: ['s3://41-processed-data-staging/textreuse/textreuse_passim_v1-0-0/results/tr_passages/JDG/tr_passages-JDG-1830.jsonl.bz2']
2024-12-13 10:02:59,691 __main__     INFO     JDG-1870, writing all passages to s3_path: ['s3://41-processed-data-staging/textreuse/textreuse_passim_v1-0-0/results/tr_passages/JDG/tr_passages-JDG-1870.jsonl.bz2']
2024-12-13 10:03:10,243 __main__     INFO     JDG-1835, writing all passages to s3_path: ['s3://41-processed-data-staging/textreuse/textreuse_passim_v1-0-0/results/tr_passages/JDG/tr_passages-JDG-1835.jsonl.bz2']
2024-12-13 10:03:24,067 __main__     INFO     JDG-1841, writing all passages to s3_path: ['s3://41-processed-data-staging/textreuse/textreuse_passim_v1-0-0/results/tr_passages/JDG/tr_passages-JDG-1841.jsonl.bz2']
2024-12-13 10:03:38,045 __main__     INFO     JDG-1968, writing all passages to s3_path: ['s3://41-processed-data-staging/textreuse/textreuse_passim_v1-0-0/results/tr_passages/JDG/tr_passages-JDG-1968.jsonl.bz2']
2024-12-13 10:03:56,188 __main__     INFO     JDG-1887, writing all passages to s3_path: ['s3://41-processed-data-staging/textreuse/textreuse_passim_v1-0-0/results/tr_passages/JDG/tr_passages-JDG-1887.jsonl.bz2']
2024-12-13 10:04:12,389 __main__     INFO     JDG-1995, writing all passages to s3_path: ['s3://41-processed-data-staging/textreuse/textreuse_passim_v1-0-0/results/tr_passages/JDG/tr_passages-JDG-1995.jsonl.bz2']
2024-12-13 10:05:07,415 __main__     INFO     JDG-1848, writing all passages to s3_path: ['s3://41-processed-data-staging/textreuse/textreuse_passim_v1-0-0/results/tr_passages/JDG/tr_passages-JDG-1848.jsonl.bz2']
2024-12-13 10:05:22,810 __main__     INFO     JDG-1885, writing all passages to s3_path: ['s3://41-processed-data-staging/textreuse/textreuse_passim_v1-0-0/results/tr_passages/JDG/tr_passages-JDG-1885.jsonl.bz2']
2024-12-13 10:05:38,461 __main__     INFO     JDG-1948, writing all passages to s3_path: ['s3://41-processed-data-staging/textreuse/textreuse_passim_v1-0-0/results/tr_passages/JDG/tr_passages-JDG-1948.jsonl.bz2']
2024-12-13 10:05:54,777 __main__     INFO     JDG-1856, writing all passages to s3_path: ['s3://41-processed-data-staging/textreuse/textreuse_passim_v1-0-0/results/tr_passages/JDG/tr_passages-JDG-1856.jsonl.bz2']
2024-12-13 10:06:09,123 __main__     INFO     JDG-1946, writing all passages to s3_path: ['s3://41-processed-data-staging/textreuse/textreuse_passim_v1-0-0/results/tr_passages/JDG/tr_passages-JDG-1946.jsonl.bz2']
2024-12-13 10:06:25,360 __main__     INFO     JDG-1937, writing all passages to s3_path: ['s3://41-processed-data-staging/textreuse/textreuse_passim_v1-0-0/results/tr_passages/JDG/tr_passages-JDG-1937.jsonl.bz2']
2024-12-13 10:06:42,592 __main__     INFO     JDG-1908, writing all passages to s3_path: ['s3://41-processed-data-staging/textreuse/textreuse_passim_v1-0-0/results/tr_passages/JDG/tr_passages-JDG-1908.jsonl.bz2']
2024-12-13 10:07:00,117 __main__     INFO     JDG-1967, writing all passages to s3_path: ['s3://41-processed-data-staging/textreuse/textreuse_passim_v1-0-0/results/tr_passages/JDG/tr_passages-JDG-1967.jsonl.bz2']
2024-12-13 10:07:18,145 __main__     INFO     JDG-1859, writing all passages to s3_path: ['s3://41-processed-data-staging/textreuse/textreuse_passim_v1-0-0/results/tr_passages/JDG/tr_passages-JDG-1859.jsonl.bz2']
2024-12-13 10:07:32,369 __main__     INFO     JDG-1947, writing all passages to s3_path: ['s3://41-processed-data-staging/textreuse/textreuse_passim_v1-0-0/results/tr_passages/JDG/tr_passages-JDG-1947.jsonl.bz2']
2024-12-13 10:07:49,621 __main__     INFO     JDG-1996, writing all passages to s3_path: ['s3://41-processed-data-staging/textreuse/textreuse_passim_v1-0-0/results/tr_passages/JDG/tr_passages-JDG-1996.jsonl.bz2']
2024-12-13 10:08:12,536 __main__     INFO     JDG-1944, writing all passages to s3_path: ['s3://41-processed-data-staging/textreuse/textreuse_passim_v1-0-0/results/tr_passages/JDG/tr_passages-JDG-1944.jsonl.bz2']
2024-12-13 10:08:29,905 __main__     INFO     JDG-1986, writing all passages to s3_path: ['s3://41-processed-data-staging/textreuse/textreuse_passim_v1-0-0/results/tr_passages/JDG/tr_passages-JDG-1986.jsonl.bz2']
2024-12-13 10:08:57,154 __main__     INFO     JDG-1892, writing all passages to s3_path: ['s3://41-processed-data-staging/textreuse/textreuse_passim_v1-0-0/results/tr_passages/JDG/tr_passages-JDG-1892.jsonl.bz2']
2024-12-13 10:09:22,217 __main__     INFO     JDG-1916, writing all passages to s3_path: ['s3://41-processed-data-staging/textreuse/textreuse_passim_v1-0-0/results/tr_passages/JDG/tr_passages-JDG-1916.jsonl.bz2']
2024-12-13 10:09:41,668 __main__     INFO     JDG-1862, writing all passages to s3_path: ['s3://41-processed-data-staging/textreuse/textreuse_passim_v1-0-0/results/tr_passages/JDG/tr_passages-JDG-1862.jsonl.bz2']
2024-12-13 10:09:56,031 __main__     INFO     JDG-1928, writing all passages to s3_path: ['s3://41-processed-data-staging/textreuse/textreuse_passim_v1-0-0/results/tr_passages/JDG/tr_passages-JDG-1928.jsonl.bz2']
2024-12-13 10:10:14,582 __main__     INFO     JDG-1852, writing all passages to s3_path: ['s3://41-processed-data-staging/textreuse/textreuse_passim_v1-0-0/results/tr_passages/JDG/tr_passages-JDG-1852.jsonl.bz2']
2024-12-13 10:10:30,083 __main__     INFO     JDG-1875, writing all passages to s3_path: ['s3://41-processed-data-staging/textreuse/textreuse_passim_v1-0-0/results/tr_passages/JDG/tr_passages-JDG-1875.jsonl.bz2']
2024-12-13 10:10:40,511 __main__     INFO     JDG-1896, writing all passages to s3_path: ['s3://41-processed-data-staging/textreuse/textreuse_passim_v1-0-0/results/tr_passages/JDG/tr_passages-JDG-1896.jsonl.bz2']
2024-12-13 10:10:56,363 __main__     INFO     JDG-1831, writing all passages to s3_path: ['s3://41-processed-data-staging/textreuse/textreuse_passim_v1-0-0/results/tr_passages/JDG/tr_passages-JDG-1831.jsonl.bz2']
2024-12-13 10:11:27,987 __main__     INFO     JDG-1864, writing all passages to s3_path: ['s3://41-processed-data-staging/textreuse/textreuse_passim_v1-0-0/results/tr_passages/JDG/tr_passages-JDG-1864.jsonl.bz2']
2024-12-13 10:11:42,694 __main__     INFO     JDG-1974, writing all passages to s3_path: ['s3://41-processed-data-staging/textreuse/textreuse_passim_v1-0-0/results/tr_passages/JDG/tr_passages-JDG-1974.jsonl.bz2']
2024-12-13 10:12:04,184 __main__     INFO     JDG-1980, writing all passages to s3_path: ['s3://41-processed-data-staging/textreuse/textreuse_passim_v1-0-0/results/tr_passages/JDG/tr_passages-JDG-1980.jsonl.bz2']
2024-12-13 10:12:26,783 __main__     INFO     JDG-1827, writing all passages to s3_path: ['s3://41-processed-data-staging/textreuse/textreuse_passim_v1-0-0/results/tr_passages/JDG/tr_passages-JDG-1827.jsonl.bz2']
2024-12-13 10:12:40,884 __main__     INFO     JDG-1886, writing all passages to s3_path: ['s3://41-processed-data-staging/textreuse/textreuse_passim_v1-0-0/results/tr_passages/JDG/tr_passages-JDG-1886.jsonl.bz2']
2024-12-13 10:12:56,827 __main__     INFO     JDG-1929, writing all passages to s3_path: ['s3://41-processed-data-staging/textreuse/textreuse_passim_v1-0-0/results/tr_passages/JDG/tr_passages-JDG-1929.jsonl.bz2']
2024-12-13 10:13:10,725 __main__     INFO     JDG-1874, writing all passages to s3_path: ['s3://41-processed-data-staging/textreuse/textreuse_passim_v1-0-0/results/tr_passages/JDG/tr_passages-JDG-1874.jsonl.bz2']
2024-12-13 10:13:42,706 __main__     INFO     JDG-1826, writing all passages to s3_path: ['s3://41-processed-data-staging/textreuse/textreuse_passim_v1-0-0/results/tr_passages/JDG/tr_passages-JDG-1826.jsonl.bz2']
2024-12-13 10:14:04,811 __main__     INFO     JDG-1926, writing all passages to s3_path: ['s3://41-processed-data-staging/textreuse/textreuse_passim_v1-0-0/results/tr_passages/JDG/tr_passages-JDG-1926.jsonl.bz2']
2024-12-13 10:14:22,998 __main__     INFO     JDG-1894, writing all passages to s3_path: ['s3://41-processed-data-staging/textreuse/textreuse_passim_v1-0-0/results/tr_passages/JDG/tr_passages-JDG-1894.jsonl.bz2']
2024-12-13 10:14:51,205 __main__     INFO     JDG-1842, writing all passages to s3_path: ['s3://41-processed-data-staging/textreuse/textreuse_passim_v1-0-0/results/tr_passages/JDG/tr_passages-JDG-1842.jsonl.bz2']
2024-12-13 10:15:05,133 __main__     INFO     JDG-1992, writing all passages to s3_path: ['s3://41-processed-data-staging/textreuse/textreuse_passim_v1-0-0/results/tr_passages/JDG/tr_passages-JDG-1992.jsonl.bz2']
2024-12-13 10:15:36,038 __main__     INFO     JDG-1871, writing all passages to s3_path: ['s3://41-processed-data-staging/textreuse/textreuse_passim_v1-0-0/results/tr_passages/JDG/tr_passages-JDG-1871.jsonl.bz2']
2024-12-13 10:15:52,003 __main__     INFO     JDG-1987, writing all passages to s3_path: ['s3://41-processed-data-staging/textreuse/textreuse_passim_v1-0-0/results/tr_passages/JDG/tr_passages-JDG-1987.jsonl.bz2']
2024-12-13 10:16:22,242 __main__     INFO     JDG-1964, writing all passages to s3_path: ['s3://41-processed-data-staging/textreuse/textreuse_passim_v1-0-0/results/tr_passages/JDG/tr_passages-JDG-1964.jsonl.bz2']
2024-12-13 10:16:34,658 __main__     INFO     JDG-1930, writing all passages to s3_path: ['s3://41-processed-data-staging/textreuse/textreuse_passim_v1-0-0/results/tr_passages/JDG/tr_passages-JDG-1930.jsonl.bz2']
2024-12-13 10:16:52,275 __main__     INFO     JDG-1956, writing all passages to s3_path: ['s3://41-processed-data-staging/textreuse/textreuse_passim_v1-0-0/results/tr_passages/JDG/tr_passages-JDG-1956.jsonl.bz2']
2024-12-13 10:17:09,793 __main__     INFO     JDG-1834, writing all passages to s3_path: ['s3://41-processed-data-staging/textreuse/textreuse_passim_v1-0-0/results/tr_passages/JDG/tr_passages-JDG-1834.jsonl.bz2']
2024-12-13 10:17:23,523 __main__     INFO     JDG-1902, writing all passages to s3_path: ['s3://41-processed-data-staging/textreuse/textreuse_passim_v1-0-0/results/tr_passages/JDG/tr_passages-JDG-1902.jsonl.bz2']
2024-12-13 10:17:40,319 __main__     INFO     JDG-1981, writing all passages to s3_path: ['s3://41-processed-data-staging/textreuse/textreuse_passim_v1-0-0/results/tr_passages/JDG/tr_passages-JDG-1981.jsonl.bz2']
2024-12-13 10:18:10,559 __main__     INFO     JDG-1844, writing all passages to s3_path: ['s3://41-processed-data-staging/textreuse/textreuse_passim_v1-0-0/results/tr_passages/JDG/tr_passages-JDG-1844.jsonl.bz2']
2024-12-13 10:18:24,792 __main__     INFO     JDG-1932, writing all passages to s3_path: ['s3://41-processed-data-staging/textreuse/textreuse_passim_v1-0-0/results/tr_passages/JDG/tr_passages-JDG-1932.jsonl.bz2']
2024-12-13 10:18:37,439 __main__     INFO     JDG-1851, writing all passages to s3_path: ['s3://41-processed-data-staging/textreuse/textreuse_passim_v1-0-0/results/tr_passages/JDG/tr_passages-JDG-1851.jsonl.bz2']
2024-12-13 10:18:51,531 __main__     INFO     JDG-1990, writing all passages to s3_path: ['s3://41-processed-data-staging/textreuse/textreuse_passim_v1-0-0/results/tr_passages/JDG/tr_passages-JDG-1990.jsonl.bz2']
2024-12-13 10:19:15,075 __main__     INFO     JDG-1909, writing all passages to s3_path: ['s3://41-processed-data-staging/textreuse/textreuse_passim_v1-0-0/results/tr_passages/JDG/tr_passages-JDG-1909.jsonl.bz2']
2024-12-13 10:19:32,298 __main__     INFO     JDG-1951, writing all passages to s3_path: ['s3://41-processed-data-staging/textreuse/textreuse_passim_v1-0-0/results/tr_passages/JDG/tr_passages-JDG-1951.jsonl.bz2']
2024-12-13 10:19:48,112 __main__     INFO     JDG-1838, writing all passages to s3_path: ['s3://41-processed-data-staging/textreuse/textreuse_passim_v1-0-0/results/tr_passages/JDG/tr_passages-JDG-1838.jsonl.bz2']
2024-12-13 10:20:02,502 __main__     INFO     JDG-1977, writing all passages to s3_path: ['s3://41-processed-data-staging/textreuse/textreuse_passim_v1-0-0/results/tr_passages/JDG/tr_passages-JDG-1977.jsonl.bz2']
2024-12-13 10:20:39,235 __main__     INFO     JDG-1940, writing all passages to s3_path: ['s3://41-processed-data-staging/textreuse/textreuse_passim_v1-0-0/results/tr_passages/JDG/tr_passages-JDG-1940.jsonl.bz2']
2024-12-13 10:20:56,260 __main__     INFO     JDG-1982, writing all passages to s3_path: ['s3://41-processed-data-staging/textreuse/textreuse_passim_v1-0-0/results/tr_passages/JDG/tr_passages-JDG-1982.jsonl.bz2']
2024-12-13 10:21:16,645 __main__     INFO     JDG-1933, writing all passages to s3_path: ['s3://41-processed-data-staging/textreuse/textreuse_passim_v1-0-0/results/tr_passages/JDG/tr_passages-JDG-1933.jsonl.bz2']
2024-12-13 10:21:33,595 __main__     INFO     JDG-1906, writing all passages to s3_path: ['s3://41-processed-data-staging/textreuse/textreuse_passim_v1-0-0/results/tr_passages/JDG/tr_passages-JDG-1906.jsonl.bz2']
2024-12-13 10:21:58,798 __main__     INFO     JDG-1963, writing all passages to s3_path: ['s3://41-processed-data-staging/textreuse/textreuse_passim_v1-0-0/results/tr_passages/JDG/tr_passages-JDG-1963.jsonl.bz2']
2024-12-13 10:22:25,255 __main__     INFO     JDG-1855, writing all passages to s3_path: ['s3://41-processed-data-staging/textreuse/textreuse_passim_v1-0-0/results/tr_passages/JDG/tr_passages-JDG-1855.jsonl.bz2']
2024-12-13 10:22:40,576 __main__     INFO     JDG-1843, writing all passages to s3_path: ['s3://41-processed-data-staging/textreuse/textreuse_passim_v1-0-0/results/tr_passages/JDG/tr_passages-JDG-1843.jsonl.bz2']
2024-12-13 10:23:09,304 __main__     INFO     JDG-1979, writing all passages to s3_path: ['s3://41-processed-data-staging/textreuse/textreuse_passim_v1-0-0/results/tr_passages/JDG/tr_passages-JDG-1979.jsonl.bz2']
2024-12-13 10:23:33,390 __main__     INFO     JDG-1925, writing all passages to s3_path: ['s3://41-processed-data-staging/textreuse/textreuse_passim_v1-0-0/results/tr_passages/JDG/tr_passages-JDG-1925.jsonl.bz2']
2024-12-13 10:23:52,075 __main__     INFO     JDG - Finished writing all passages to files, going to next title.
2024-12-13 10:23:52,076 __main__     INFO     GDL - Skipping, as it's already done.
2024-12-13 10:23:52,076 __main__     INFO     
------------ NZZ ------------

2024-12-13 10:23:52,076 __main__     INFO     NZZ - Skipping, as it's already done.
2024-12-13 10:23:52,076 __main__     INFO     
------------ SWA ------------

2024-12-13 10:23:52,076 __main__     INFO     arbeitgeber - Skipping, as it's already done.
2024-12-13 10:23:52,077 __main__     INFO     handelsztg - Skipping, as it's already done.
2024-12-13 10:23:52,077 __main__     INFO     
------------ FedGaz ------------

2024-12-13 10:23:52,077 __main__     INFO     FedGazDe - Skipping, as it's already done.
2024-12-13 10:23:52,077 __main__     INFO     FedGazFr - Skipping, as it's already done.
2024-12-13 10:23:52,077 __main__     INFO     
------------ BNL ------------

2024-12-13 10:23:52,077 __main__     INFO     actionfem - Skipping, as it's already done.
2024-12-13 10:23:52,077 __main__     INFO     armeteufel - Skipping, as it's already done.
2024-12-13 10:23:52,077 __main__     INFO     avenirgdl - Skipping, as it's already done.
2024-12-13 10:23:52,077 __main__     INFO     buergerbeamten - Skipping, as it's already done.
2024-12-13 10:23:52,077 __main__     INFO     courriergdl - Skipping, as it's already done.
2024-12-13 10:23:52,077 __main__     INFO     deletz1893 - Skipping, as it's already done.
2024-12-13 10:23:52,078 __main__     INFO     demitock - Skipping, as it's already done.
2024-12-13 10:23:52,078 __main__     INFO     diekwochen - Skipping, as it's already done.
2024-12-13 10:23:52,078 __main__     INFO     dunioun - Skipping, as it's already done.
2024-12-13 10:23:52,078 __main__     INFO     gazgrdlux - Skipping, as it's already done.
2024-12-13 10:23:52,078 __main__     INFO     indeplux - Skipping, as it's already done.
2024-12-13 10:23:52,078 __main__     INFO     kommmit - Skipping, as it's already done.
2024-12-13 10:23:52,078 __main__     INFO     landwortbild - Skipping, as it's already done.
2024-12-13 10:23:52,078 __main__     INFO     lunion - Skipping, as it's already done.
2024-12-13 10:23:52,078 __main__     INFO     luxembourg1935 - Skipping, as it's already done.
2024-12-13 10:23:52,078 __main__     INFO     luxland - Skipping, as it's already done.
2024-12-13 10:23:52,078 __main__     INFO     luxwort - Skipping, as it's already done.
2024-12-13 10:23:52,079 __main__     INFO     luxzeit1844 - Skipping, as it's already done.
2024-12-13 10:23:52,079 __main__     INFO     luxzeit1858 - Skipping, as it's already done.
2024-12-13 10:23:52,079 __main__     INFO     obermosel - Skipping, as it's already done.
2024-12-13 10:23:52,079 __main__     INFO     onsjongen - Skipping, as it's already done.
2024-12-13 10:23:52,079 __main__     INFO     schmiede - Skipping, as it's already done.
2024-12-13 10:23:52,079 __main__     INFO     tageblatt - Skipping, as it's already done.
2024-12-13 10:23:52,079 __main__     INFO     volkfreu1869 - Skipping, as it's already done.
2024-12-13 10:23:52,079 __main__     INFO     waechtersauer - Skipping, as it's already done.
2024-12-13 10:23:52,079 __main__     INFO     waeschfra - Skipping, as it's already done.
2024-12-13 10:23:52,079 __main__     INFO     
------------ SNL-RERO2 ------------

2024-12-13 10:23:52,079 __main__     INFO     BLB - Skipping, as it's already done.
2024-12-13 10:23:52,080 __main__     INFO     BNN - Skipping, as it's already done.
2024-12-13 10:23:52,080 __main__     INFO     DFS - Skipping, as it's already done.
2024-12-13 10:23:52,080 __main__     INFO     DVF - Skipping, as it's already done.
2024-12-13 10:23:52,080 __main__     INFO     EZR - Skipping, as it's already done.
2024-12-13 10:23:52,080 __main__     INFO     FZG - Skipping, as it's already done.
2024-12-13 10:23:52,080 __main__     INFO     HRV - Skipping, as it's already done.
2024-12-13 10:23:52,080 __main__     INFO     LAB - Skipping, as it's already done.
2024-12-13 10:23:52,080 __main__     INFO     LLE - Skipping, as it's already done.
2024-12-13 10:23:52,080 __main__     INFO     MGS - Skipping, as it's already done.
2024-12-13 10:23:52,080 __main__     INFO     NTS - Skipping, as it's already done.
2024-12-13 10:23:52,080 __main__     INFO     NZG - Skipping, as it's already done.
2024-12-13 10:23:52,080 __main__     INFO     SGZ - Skipping, as it's already done.
2024-12-13 10:23:52,081 __main__     INFO     SRT - Skipping, as it's already done.
2024-12-13 10:23:52,082 __main__     INFO     WHD - Skipping, as it's already done.
2024-12-13 10:23:52,082 __main__     INFO     ZBT - Skipping, as it's already done.
2024-12-13 10:23:52,100 __main__     INFO     
------------ SNL-RERO3 ------------

2024-12-13 10:23:52,105 __main__     INFO     CON - Skipping, as it's already done.
2024-12-13 10:23:52,116 __main__     INFO     DTT - Skipping, as it's already done.
2024-12-13 10:23:52,126 __main__     INFO     FCT - Skipping, as it's already done.
2024-12-13 10:23:52,136 __main__     INFO     GAV - Skipping, as it's already done.
2024-12-13 10:23:52,147 __main__     INFO     GAZ - Skipping, as it's already done.
2024-12-13 10:23:52,157 __main__     INFO     LLS - Skipping, as it's already done.
2024-12-13 10:23:52,168 __main__     INFO     OIZ - Skipping, as it's already done.
2024-12-13 10:23:52,188 __main__     INFO     
---- Filtering passages for SAX (8/12) ----
2024-12-13 10:32:31,180 __main__     INFO     SAX - Finished writing all passages to files, going to next title.
2024-12-13 10:32:31,180 __main__     INFO     SDT - Skipping, as it's already done.
2024-12-13 10:32:31,184 __main__     INFO     SMZ - Skipping, as it's already done.
2024-12-13 10:32:31,185 __main__     INFO     VDR - Skipping, as it's already done.
2024-12-13 10:32:31,185 __main__     INFO     VHT - Skipping, as it's already done.
2024-12-13 10:32:31,185 __main__     INFO     
------------ BNF ------------

2024-12-13 10:32:31,185 __main__     INFO     excelsior - Skipping, as it's already done.
2024-12-13 10:32:31,185 __main__     INFO     lafronde - Skipping, as it's already done.
2024-12-13 10:32:31,185 __main__     INFO     marieclaire - Skipping, as it's already done.
2024-12-13 10:32:31,186 __main__     INFO     oeuvre - Skipping, as it's already done.
2024-12-13 10:32:31,186 __main__     INFO     
------------ BNF-EN ------------

2024-12-13 10:32:31,186 __main__     INFO     jdpl - Skipping, as it's already done.
2024-12-13 10:32:31,186 __main__     INFO     legaulois - Skipping, as it's already done.
2024-12-13 10:32:31,186 __main__     INFO     lematin - Skipping, as it's already done.
2024-12-13 10:32:31,186 __main__     INFO     lepji - Skipping, as it's already done.
2024-12-13 10:32:31,186 __main__     INFO     lepetitparisien - Skipping, as it's already done.
2024-12-13 10:32:31,187 __main__     INFO     oecaen - Skipping, as it's already done.
2024-12-13 10:32:31,187 __main__     INFO     oerennes - Skipping, as it's already done.
2024-12-13 10:32:31,187 __main__     INFO     
------------ BCUL ------------

2024-12-13 10:32:31,187 __main__     INFO     ACI - Skipping, as it's already done.
2024-12-13 10:32:31,188 __main__     INFO     
---- Filtering passages for Castigat (2/43) ----
2024-12-13 10:41:51,413 __main__     INFO     Castigat - Finished writing all passages to files, going to next title.
2024-12-13 10:41:51,414 __main__     INFO     CL - Skipping, as it's already done.
2024-12-13 10:41:51,414 __main__     INFO     Croquis - Skipping, as it's already done.
2024-12-13 10:41:51,414 __main__     INFO     
---- Filtering passages for FAMDE (5/43) ----
2024-12-13 10:51:02,801 __main__     INFO     FAMDE - Finished writing all passages to files, going to next title.
2024-12-13 10:51:02,802 __main__     INFO     FAN - Skipping, as it's already done.
2024-12-13 10:51:02,802 __main__     INFO     GAVi - Skipping, as it's already done.
2024-12-13 10:51:02,802 __main__     INFO     AV - Skipping, as it's already done.
2024-12-13 10:51:02,802 __main__     INFO     JY2 - Skipping, as it's already done.
2024-12-13 10:51:02,802 __main__     INFO     JV - Skipping, as it's already done.
2024-12-13 10:51:02,803 __main__     INFO     JVE - Skipping, as it's already done.
2024-12-13 10:51:02,803 __main__     INFO     JH - Skipping, as it's already done.
2024-12-13 10:51:02,803 __main__     INFO     OBS - Skipping, as it's already done.
2024-12-13 10:51:02,803 __main__     INFO     Bombe - Skipping, as it's already done.
2024-12-13 10:51:02,803 __main__     INFO     Cancoire - Skipping, as it's already done.
2024-12-13 10:51:02,803 __main__     INFO     Fronde - Skipping, as it's already done.
2024-12-13 10:51:02,803 __main__     INFO     Griffe - Skipping, as it's already done.
2024-12-13 10:51:02,803 __main__     INFO     Guepe1851 - Skipping, as it's already done.
2024-12-13 10:51:02,804 __main__     INFO     
---- Filtering passages for Guepe1887 (19/43) ----
2024-12-13 10:56:54,472 __main__     WARNING  Exception occurred, closing the client: 
